2024-03-14 15:59:01,609 [INFO] Activator:176 - 


2024-03-14 15:59:01,612 [INFO] Activator:177 - !SESSION log4j initialized
2024-03-14 15:59:04,205 [ERROR] LogOutputStream:75 - [STDERR_REDIRECT] 
2024-03-14 15:59:05,645 [INFO] LogOutputStream:77 - [STDOUT_REDIRECT] 
2024-03-14 15:59:08,112 [INFO] LogOutputStream:77 - [STDOUT_REDIRECT] 
2024-03-14 15:59:09,458 [ERROR] LogOutputStream:75 - [STDERR_REDIRECT] [Fatal Error] :2:10: DOCTYPE is disallowed when the feature "http://apache.org/xml/features/disallow-doctype-decl" set to true.
2024-03-14 15:59:09,459 [ERROR] LogOutputStream:75 - [STDERR_REDIRECT] 
2024-03-14 15:59:10,301 [INFO] ApplicationProperties:184 - Using Application install path: /Applications/STM32CubeIDE.app/Contents/Eclipse/plugins/com.st.stm32cube.common.mx_6.10.0.202311202037
2024-03-14 15:59:10,317 [INFO] DbMcusXml:78 - Set database path to: /Applications/STM32CubeIDE.app/Contents/Eclipse/plugins/com.st.stm32cube.common.mx_6.10.0.202311202037//db//mcu/
2024-03-14 15:59:10,318 [INFO] ApiDb:274 - Set plugin database path to: /Applications/STM32CubeIDE.app/Contents/Eclipse/plugins/com.st.stm32cube.common.mx_6.10.0.202311202037//db//plugins/boardmanager/
2024-03-14 15:59:10,319 [WARN] ApiDb:259 - Overriding images path with different value:  => /Applications/STM32CubeIDE.app/Contents/Eclipse/plugins/com.st.stm32cube.common.mx_6.10.0.202311202037//db//plugins/mcufinder/images/
2024-03-14 15:59:10,328 [INFO] ApiDb:250 - Set database path to: /Users/joshwashburn/.stmcufinder/plugins/mcufinder//mcu/
2024-03-14 15:59:10,329 [INFO] DbMcusAds:125 - Set database path to: /Users/joshwashburn/.stmcufinder/plugins/mcufinder//mcu/
2024-03-14 15:59:10,330 [INFO] CrossReferenceDbSqlite:203 - Set database path to: /Users/joshwashburn/.stmcufinder/plugins/mcufinder//mcu/cs/
2024-03-14 15:59:10,444 [INFO] RulesReader:64 - Compatibility file has been processed (297 Rules)
2024-03-14 15:59:10,505 [INFO] DbMcusXml:78 - Set database path to: /Applications/STM32CubeIDE.app/Contents/Eclipse/plugins/com.st.stm32cube.common.mx_6.10.0.202311202037//db//mcu/
2024-03-14 15:59:10,505 [INFO] ApiDb:274 - Set plugin database path to: /Applications/STM32CubeIDE.app/Contents/Eclipse/plugins/com.st.stm32cube.common.mx_6.10.0.202311202037//db//plugins/boardmanager/
2024-03-14 15:59:10,505 [INFO] ApiDb:261 - Set plugin images path to: /Applications/STM32CubeIDE.app/Contents/Eclipse/plugins/com.st.stm32cube.common.mx_6.10.0.202311202037//db//plugins/mcufinder/images/
2024-03-14 15:59:10,505 [WARN] DbFile:41 - Overriding database path with different value: /Users/joshwashburn/.stmcufinder/plugins/mcufinder/ => /Users/joshwashburn/.stmcufinder/plugins/mcufinder
2024-03-14 15:59:10,505 [INFO] ApiDb:250 - Set database path to: /Users/joshwashburn/.stmcufinder/plugins/mcufinder//mcu/
2024-03-14 15:59:10,505 [WARN] DbFile:41 - Overriding database path with different value: /Users/joshwashburn/.stmcufinder/plugins/mcufinder/ => /Users/joshwashburn/.stmcufinder/plugins/mcufinder
2024-03-14 15:59:10,505 [INFO] DbMcusAds:125 - Set database path to: /Users/joshwashburn/.stmcufinder/plugins/mcufinder//mcu/
2024-03-14 15:59:10,505 [WARN] DbFile:41 - Overriding database path with different value: /Users/joshwashburn/.stmcufinder/plugins/mcufinder/ => /Users/joshwashburn/.stmcufinder/plugins/mcufinder
2024-03-14 15:59:10,505 [WARN] DbFile:41 - Overriding database path with different value: /Users/joshwashburn/.stmcufinder/plugins/mcufinder/ => /Users/joshwashburn/.stmcufinder/plugins/mcufinder
2024-03-14 15:59:10,505 [INFO] CrossReferenceDbSqlite:203 - Set database path to: /Users/joshwashburn/.stmcufinder/plugins/mcufinder//mcu/cs/
2024-03-14 15:59:10,577 [INFO] MainPanel:264 - HeapMemory: 268435456
2024-03-14 15:59:10,716 [INFO] DbMcusXml:78 - Set database path to: /Applications/STM32CubeIDE.app/Contents/Eclipse/plugins/com.st.stm32cube.common.mx_6.10.0.202311202037//db//mcu/
2024-03-14 15:59:10,716 [INFO] ApiDb:274 - Set plugin database path to: /Applications/STM32CubeIDE.app/Contents/Eclipse/plugins/com.st.stm32cube.common.mx_6.10.0.202311202037//db//plugins/boardmanager/
2024-03-14 15:59:10,716 [INFO] ApiDb:261 - Set plugin images path to: /Applications/STM32CubeIDE.app/Contents/Eclipse/plugins/com.st.stm32cube.common.mx_6.10.0.202311202037//db//plugins/mcufinder/images/
2024-03-14 15:59:10,717 [WARN] DbFile:41 - Overriding database path with different value: /Users/joshwashburn/.stmcufinder/plugins/mcufinder/ => /Users/joshwashburn/.stmcufinder/plugins/mcufinder
2024-03-14 15:59:10,717 [INFO] ApiDb:250 - Set database path to: /Users/joshwashburn/.stmcufinder/plugins/mcufinder//mcu/
2024-03-14 15:59:10,717 [WARN] DbFile:41 - Overriding database path with different value: /Users/joshwashburn/.stmcufinder/plugins/mcufinder/ => /Users/joshwashburn/.stmcufinder/plugins/mcufinder
2024-03-14 15:59:10,717 [INFO] DbMcusAds:125 - Set database path to: /Users/joshwashburn/.stmcufinder/plugins/mcufinder//mcu/
2024-03-14 15:59:10,717 [WARN] DbFile:41 - Overriding database path with different value: /Users/joshwashburn/.stmcufinder/plugins/mcufinder/ => /Users/joshwashburn/.stmcufinder/plugins/mcufinder
2024-03-14 15:59:10,717 [WARN] DbFile:41 - Overriding database path with different value: /Users/joshwashburn/.stmcufinder/plugins/mcufinder/ => /Users/joshwashburn/.stmcufinder/plugins/mcufinder
2024-03-14 15:59:10,717 [INFO] CrossReferenceDbSqlite:203 - Set database path to: /Users/joshwashburn/.stmcufinder/plugins/mcufinder//mcu/cs/
2024-03-14 15:59:10,733 [INFO] ApplicationProperties:184 - Using Application install path: /Applications/STM32CubeIDE.app/Contents/Eclipse/plugins/com.st.stm32cube.common.mx_6.10.0.202311202037
2024-03-14 15:59:10,734 [INFO] PluginManage:196 - Search for loadable plugins [exclusion list=, ]
2024-03-14 15:59:10,736 [INFO] PluginManage:310 - Check plugin analytics
2024-03-14 15:59:10,909 [INFO] AnalyticsPlugin:253 - Accepted Software Licenses: STM32CubeMX.6.10.0
2024-03-14 15:59:10,909 [INFO] AnalyticsPlugin:255 - Accepted CMSIS Pack Licenses: 
2024-03-14 15:59:10,909 [INFO] AnalyticsPlugin:257 - Accepted Firmware Licenses: FW.F4.1.27.0
2024-03-14 15:59:10,919 [INFO] PluginManage:359 - Loaded plugin analytics (category:tool,tabindex:-1)
2024-03-14 15:59:10,920 [INFO] PluginManage:310 - Check plugin cadmodel
2024-03-14 15:59:11,706 [INFO] CADModel:105 - Init CAD model plugin
2024-03-14 15:59:11,708 [INFO] PluginManage:359 - Loaded plugin cadmodel (category:power,tabindex:5)
2024-03-14 15:59:11,708 [INFO] PluginManage:310 - Check plugin clock
2024-03-14 15:59:11,731 [INFO] PluginManage:359 - Loaded plugin clock (category:base,tabindex:2)
2024-03-14 15:59:11,731 [INFO] PluginManage:310 - Check plugin ddr
2024-03-14 15:59:11,733 [INFO] PluginManage:359 - Loaded plugin ddr (category:tool,tabindex:6)
2024-03-14 15:59:11,733 [INFO] PluginManage:310 - Check plugin filemanager
2024-03-14 15:59:11,936 [INFO] PluginManage:359 - Loaded plugin filemanager (category:base,tabindex:10)
2024-03-14 15:59:11,938 [INFO] PluginManage:310 - Check plugin ipmanager
2024-03-14 15:59:11,977 [INFO] PluginManage:359 - Loaded plugin ipmanager (category:base,tabindex:5)
2024-03-14 15:59:11,979 [INFO] PluginManage:310 - Check plugin lpbam
2024-03-14 15:59:12,015 [INFO] PluginManage:359 - Loaded plugin lpbam (category:base,tabindex:0)
2024-03-14 15:59:12,016 [INFO] PluginManage:310 - Check plugin memorymap
2024-03-14 15:59:12,050 [INFO] PluginManage:359 - Loaded plugin memorymap (category:base,tabindex:4)
2024-03-14 15:59:12,054 [INFO] PluginManage:310 - Check plugin pinoutandconfiguration
2024-03-14 15:59:12,073 [INFO] PluginManage:359 - Loaded plugin pinoutandconfiguration (category:base,tabindex:1)
2024-03-14 15:59:12,075 [INFO] PluginManage:310 - Check plugin pinoutconfig
2024-03-14 15:59:12,321 [WARN] SupportedApi:132 - Cannot load RTOS API schema: s4s-elt-must-match.1: The content of 'definitions' must match (annotation?, (simpleType | complexType)?, (unique | key | keyref)*)). A problem was found starting at: attribute.
2024-03-14 15:59:12,520 [INFO] PluginManage:359 - Loaded plugin pinoutconfig (category:base,tabindex:0)
2024-03-14 15:59:12,523 [INFO] PluginManage:310 - Check plugin power
2024-03-14 15:59:12,559 [INFO] PluginManage:359 - Loaded plugin power (category:power,tabindex:4)
2024-03-14 15:59:12,559 [INFO] PluginManage:310 - Check plugin projectmanager
2024-03-14 15:59:12,594 [INFO] PluginManage:359 - Loaded plugin projectmanager (category:projectmanager,tabindex:3)
2024-03-14 15:59:12,594 [INFO] PluginManage:310 - Check plugin thirdparty
2024-03-14 15:59:12,799 [INFO] PluginManage:359 - Loaded plugin thirdparty (category:base,tabindex:-1)
2024-03-14 15:59:12,800 [INFO] PluginManage:310 - Check plugin tools
2024-03-14 15:59:12,799 [WARN] IntegrityCheckThread:84 - waiting for thirdparty lock release [integrity check]
2024-03-14 15:59:12,801 [INFO] IntegrityCheckThread:86 - entering critical section [integrity check]
2024-03-14 15:59:12,802 [INFO] ThirdPartyUpdaterWithRetryManager:70 - Updater plugin not ready yet. [1/15]
2024-03-14 15:59:12,805 [INFO] PluginManage:359 - Loaded plugin tools (category:base,tabindex:7)
2024-03-14 15:59:12,805 [INFO] PluginManage:310 - Check plugin tutovideos
2024-03-14 15:59:13,004 [INFO] PluginManage:359 - Loaded plugin tutovideos (category:base,tabindex:-1)
2024-03-14 15:59:13,006 [INFO] PluginManage:310 - Check plugin updater
2024-03-14 15:59:13,031 [INFO] PluginManage:359 - Loaded plugin updater (category:base,tabindex:12)
2024-03-14 15:59:13,031 [INFO] PluginManage:310 - Check plugin userauth
2024-03-14 15:59:13,037 [INFO] UserAuth:114 - Init User Auth plugin
2024-03-14 15:59:13,037 [INFO] PluginManage:359 - Loaded plugin userauth (category:base,tabindex:14)
2024-03-14 15:59:13,039 [INFO] PluginManage:283 - PluginManage : Loaded plugins [17]
2024-03-14 15:59:13,281 [INFO] PinOutPanel:1499 - setPackage(No Configuration,No Configuration)
2024-03-14 15:59:13,338 [INFO] CADModel:165 - CPN selected for project level
2024-03-14 15:59:13,338 [INFO] CADModel:114 - Register for checkConnection events
2024-03-14 15:59:13,350 [INFO] IPUIPlugin:80 - create IPUIPlugin
2024-03-14 15:59:13,350 [INFO] PluginManager:220 - loadIPPluginJar : add mdma
2024-03-14 15:59:13,355 [INFO] IPUIPlugin:80 - create IPUIPlugin
2024-03-14 15:59:13,355 [INFO] PluginManager:220 - loadIPPluginJar : add freertos
2024-03-14 15:59:13,358 [INFO] IPUIPlugin:80 - create IPUIPlugin
2024-03-14 15:59:13,358 [INFO] PluginManager:220 - loadIPPluginJar : add gic
2024-03-14 15:59:13,362 [INFO] IPUIPlugin:80 - create IPUIPlugin
2024-03-14 15:59:13,362 [INFO] PluginManager:220 - loadIPPluginJar : add adc
2024-03-14 15:59:13,364 [INFO] IPUIPlugin:80 - create IPUIPlugin
2024-03-14 15:59:13,364 [INFO] PluginManager:220 - loadIPPluginJar : add gtzc
2024-03-14 15:59:13,365 [INFO] IPUIPlugin:80 - create IPUIPlugin
2024-03-14 15:59:13,365 [INFO] PluginManager:220 - loadIPPluginJar : add quadspi
2024-03-14 15:59:13,366 [INFO] IPUIPlugin:80 - create IPUIPlugin
2024-03-14 15:59:13,366 [INFO] PluginManager:220 - loadIPPluginJar : add aes
2024-03-14 15:59:13,367 [INFO] IPUIPlugin:80 - create IPUIPlugin
2024-03-14 15:59:13,367 [INFO] PluginManager:220 - loadIPPluginJar : add pdm2pcm
2024-03-14 15:59:13,368 [INFO] IPUIPlugin:80 - create IPUIPlugin
2024-03-14 15:59:13,368 [INFO] PluginManager:220 - loadIPPluginJar : add hash
2024-03-14 15:59:13,369 [INFO] IPUIPlugin:80 - create IPUIPlugin
2024-03-14 15:59:13,369 [INFO] PluginManager:220 - loadIPPluginJar : add tim
2024-03-14 15:59:13,370 [INFO] IPUIPlugin:80 - create IPUIPlugin
2024-03-14 15:59:13,370 [INFO] PluginManager:220 - loadIPPluginJar : add tsc
2024-03-14 15:59:13,371 [INFO] IPUIPlugin:80 - create IPUIPlugin
2024-03-14 15:59:13,372 [INFO] PluginManager:220 - loadIPPluginJar : add ts
2024-03-14 15:59:13,373 [INFO] IPUIPlugin:80 - create IPUIPlugin
2024-03-14 15:59:13,373 [INFO] PluginManager:220 - loadIPPluginJar : add can
2024-03-14 15:59:13,375 [INFO] IPUIPlugin:80 - create IPUIPlugin
2024-03-14 15:59:13,375 [INFO] PluginManager:220 - loadIPPluginJar : add dma3
2024-03-14 15:59:13,376 [INFO] IPUIPlugin:80 - create IPUIPlugin
2024-03-14 15:59:13,376 [INFO] PluginManager:220 - loadIPPluginJar : add dfsdm
2024-03-14 15:59:13,378 [INFO] IPUIPlugin:80 - create IPUIPlugin
2024-03-14 15:59:13,378 [INFO] PluginManager:220 - loadIPPluginJar : add spi
2024-03-14 15:59:13,379 [INFO] IPUIPlugin:80 - create IPUIPlugin
2024-03-14 15:59:13,379 [INFO] PluginManager:220 - loadIPPluginJar : add gfxmmu
2024-03-14 15:59:13,380 [INFO] IPUIPlugin:80 - create IPUIPlugin
2024-03-14 15:59:13,380 [INFO] PluginManager:220 - loadIPPluginJar : add genericplugin
2024-03-14 15:59:13,380 [INFO] IPUIPlugin:80 - create IPUIPlugin
2024-03-14 15:59:13,380 [INFO] PluginManager:220 - loadIPPluginJar : add cryp
2024-03-14 15:59:13,383 [INFO] IPUIPlugin:80 - create IPUIPlugin
2024-03-14 15:59:13,383 [INFO] PluginManager:220 - loadIPPluginJar : add gpio
2024-03-14 15:59:13,385 [INFO] IPUIPlugin:80 - create IPUIPlugin
2024-03-14 15:59:13,385 [INFO] PluginManager:220 - loadIPPluginJar : add comp
2024-03-14 15:59:13,387 [INFO] IPUIPlugin:80 - create IPUIPlugin
2024-03-14 15:59:13,387 [INFO] PluginManager:220 - loadIPPluginJar : add tracer_emb
2024-03-14 15:59:13,389 [INFO] IPUIPlugin:80 - create IPUIPlugin
2024-03-14 15:59:13,389 [INFO] PluginManager:220 - loadIPPluginJar : add openamp
2024-03-14 15:59:13,391 [INFO] IPUIPlugin:80 - create IPUIPlugin
2024-03-14 15:59:13,391 [INFO] PluginManager:220 - loadIPPluginJar : add stm32_wpan
2024-03-14 15:59:13,394 [INFO] IPUIPlugin:80 - create IPUIPlugin
2024-03-14 15:59:13,397 [INFO] PluginManager:220 - loadIPPluginJar : add plateformsettings
2024-03-14 15:59:13,398 [INFO] IPUIPlugin:80 - create IPUIPlugin
2024-03-14 15:59:13,399 [INFO] PluginManager:220 - loadIPPluginJar : add ipddr
2024-03-14 15:59:13,400 [INFO] IPUIPlugin:80 - create IPUIPlugin
2024-03-14 15:59:13,400 [INFO] PluginManager:220 - loadIPPluginJar : add usart
2024-03-14 15:59:13,400 [INFO] IPUIPlugin:80 - create IPUIPlugin
2024-03-14 15:59:13,400 [INFO] PluginManager:220 - loadIPPluginJar : add ltdc
2024-03-14 15:59:13,402 [INFO] IPUIPlugin:80 - create IPUIPlugin
2024-03-14 15:59:13,402 [INFO] PluginManager:220 - loadIPPluginJar : add nvic
2024-03-14 15:59:13,402 [INFO] IPUIPlugin:80 - create IPUIPlugin
2024-03-14 15:59:13,402 [INFO] PluginManager:220 - loadIPPluginJar : add fatfs
2024-03-14 15:59:13,407 [INFO] IPUIPlugin:80 - create IPUIPlugin
2024-03-14 15:59:13,407 [INFO] PluginManager:220 - loadIPPluginJar : add linkedlist
2024-03-14 15:59:13,411 [INFO] IPUIPlugin:80 - create IPUIPlugin
2024-03-14 15:59:13,411 [INFO] PluginManager:220 - loadIPPluginJar : add dma
2024-03-14 15:59:13,413 [INFO] IPUIPlugin:80 - create IPUIPlugin
2024-03-14 15:59:13,413 [INFO] PluginManager:220 - loadIPPluginJar : add fmc
2024-03-14 15:59:13,414 [INFO] IPUIPlugin:80 - create IPUIPlugin
2024-03-14 15:59:13,414 [INFO] PluginManager:220 - loadIPPluginJar : add i2s
2024-03-14 15:59:13,415 [INFO] IPUIPlugin:80 - create IPUIPlugin
2024-03-14 15:59:13,415 [INFO] PluginManager:220 - loadIPPluginJar : add ucpd
2024-03-14 15:59:13,416 [INFO] IPUIPlugin:80 - create IPUIPlugin
2024-03-14 15:59:13,416 [INFO] PluginManager:220 - loadIPPluginJar : add lorawan
2024-03-14 15:59:13,418 [INFO] IPUIPlugin:80 - create IPUIPlugin
2024-03-14 15:59:13,418 [INFO] PluginManager:220 - loadIPPluginJar : add opamp
2024-03-14 15:59:13,419 [INFO] IPUIPlugin:80 - create IPUIPlugin
2024-03-14 15:59:13,420 [INFO] PluginManager:220 - loadIPPluginJar : add i3c
2024-03-14 15:59:13,421 [INFO] IPUIPlugin:80 - create IPUIPlugin
2024-03-14 15:59:13,421 [INFO] PluginManager:220 - loadIPPluginJar : add touchsensing
2024-03-14 15:59:13,422 [INFO] IPUIPlugin:80 - create IPUIPlugin
2024-03-14 15:59:13,422 [INFO] PluginManager:220 - loadIPPluginJar : add i2c
2024-03-14 15:59:13,423 [INFO] IPUIPlugin:80 - create IPUIPlugin
2024-03-14 15:59:13,424 [INFO] PluginManager:220 - loadIPPluginJar : add resmgrutility
2024-03-14 15:59:13,425 [INFO] IPUIPlugin:80 - create IPUIPlugin
2024-03-14 15:59:13,425 [INFO] PluginManager:220 - loadIPPluginJar : add sai
2024-03-14 15:59:13,426 [INFO] IPUIPlugin:80 - create IPUIPlugin
2024-03-14 15:59:13,426 [INFO] PluginManager:220 - loadIPPluginJar : add usbx
2024-03-14 15:59:13,536 [INFO] CADModel:165 - CPN selected for project level
2024-03-14 15:59:13,538 [INFO] CADModel:114 - Register for checkConnection events
2024-03-14 15:59:13,540 [FATAL] Updater:308 - Updater called before beeing initialized
2024-03-14 15:59:13,541 [ERROR] CADModel:125 - Updater not yet initialized, retry later 
2024-03-14 15:59:13,982 [INFO] CADModel:165 - CPN selected for project level
2024-03-14 15:59:13,982 [INFO] CADModel:114 - Register for checkConnection events
2024-03-14 15:59:13,982 [FATAL] Updater:308 - Updater called before beeing initialized
2024-03-14 15:59:13,982 [ERROR] CADModel:125 - Updater not yet initialized, retry later 
2024-03-14 15:59:13,985 [FATAL] Updater:308 - Updater called before beeing initialized
2024-03-14 15:59:14,169 [FATAL] Updater:308 - Updater called before beeing initialized
2024-03-14 15:59:14,173 [INFO] DbMcusAds:53 - JSON generation date=Wed Nov 29 04:52:27 CST 2023 (1701255147349)
2024-03-14 15:59:14,173 [FATAL] Updater:308 - Updater called before beeing initialized
2024-03-14 15:59:14,222 [WARN] DetailPanel:346 - Failed to get advertising image, set to default
2024-03-14 15:59:14,292 [FATAL] Updater:308 - Updater called before beeing initialized
2024-03-14 15:59:14,293 [FATAL] Updater:308 - Updater called before beeing initialized
2024-03-14 15:59:14,293 [FATAL] Updater:308 - Updater called before beeing initialized
2024-03-14 15:59:14,294 [WARN] DetailPanel:346 - Failed to get advertising image, set to default
2024-03-14 15:59:14,295 [FATAL] Updater:308 - Updater called before beeing initialized
2024-03-14 15:59:14,364 [ERROR] Updater:1120 - MainUpdater not yet initialized. External WinMGr cannot be set.
2024-03-14 15:59:14,408 [INFO] Updater:1056 - Updater Version found : 6.10.0
2024-03-14 15:59:14,422 [INFO] ApplicationProperties:184 - Using Application install path: /Applications/STM32CubeIDE.app/Contents/Eclipse/plugins/com.st.stm32cube.common.mx_6.10.0.202311202037
2024-03-14 15:59:15,809 [INFO] ThirdPartyUpdaterWithRetryManager:70 - Updater plugin not ready yet. [2/15]
2024-03-14 15:59:15,953 [INFO] MainUpdater:2873 - connection check result : 10
2024-03-14 15:59:15,955 [INFO] MainUpdater:290 - Updater Check For Update Now.
2024-03-14 15:59:15,956 [INFO] MicroXplorer:498 - Change Database Version : DB.6.0.100
2024-03-14 15:59:15,963 [INFO] McuFinderGlobals:63 - Set McuFinder mode to 2 (CubeIDE integrated)
2024-03-14 15:59:15,990 [INFO] UserAuth:404 - Internet connection configuration mode: 1
2024-03-14 15:59:16,006 [INFO] JxBrowserEngine:152 - Initiate JxBrowser Engine with user profile folder
2024-03-14 15:59:16,230 [INFO] CheckServerUpdateThread:120 - End of CheckServer Thread
2024-03-14 15:59:18,973 [WARN] PackLoader:240 - Cannot read IP mode file for STMicroelectronics.X-CUBE-SMBUS.2.1.0
2024-03-14 15:59:18,998 [WARN] PackLoader:240 - Cannot read IP mode file for STMicroelectronics.X-CUBE-TOUCHGFX.4.23.0
2024-03-14 15:59:19,115 [WARN] PackLoader:240 - Cannot read IP mode file for STMicroelectronics.X-CUBE-AZRTOS-F7.1.1.0
2024-03-14 15:59:19,148 [WARN] PackLoader:240 - Cannot read IP mode file for STMicroelectronics.FP-SNS-MOTENV1.4.3.2
2024-03-14 15:59:19,180 [WARN] PackLoader:240 - Cannot read IP mode file for STMicroelectronics.FP-SNS-FLIGHT1.5.0.2
2024-03-14 15:59:19,199 [WARN] PackLoader:240 - Cannot read IP mode file for STMicroelectronics.X-CUBE-DISPLAY.3.0.0
2024-03-14 15:59:19,228 [WARN] PackLoader:240 - Cannot read IP mode file for STMicroelectronics.X-CUBE-BLE1.7.0.0
2024-03-14 15:59:19,246 [WARN] PackLoader:240 - Cannot read IP mode file for emotas.I-CUBE-CANOPEN.1.3.0
2024-03-14 15:59:19,254 [WARN] PackLoader:240 - Cannot read IP mode file for STMicroelectronics.X-CUBE-TOUCHGFX.4.22.1
2024-03-14 15:59:19,274 [WARN] PackLoader:240 - Cannot read IP mode file for STMicroelectronics.X-CUBE-BLEMGR.3.1.0
2024-03-14 15:59:19,285 [WARN] PackLoader:240 - Cannot read IP mode file for STMicroelectronics.FP-SNS-SMARTAG2.1.2.0
2024-03-14 15:59:19,297 [INFO] LogOutputStream:77 - [STDOUT_REDIRECT] 1 : Invalid condition id : UX_CORESTACK_Condition cause : null
2024-03-14 15:59:19,300 [INFO] LogOutputStream:77 - [STDOUT_REDIRECT] 1 : Invalid condition id : UX_CORESTACK_Condition cause : null
2024-03-14 15:59:19,302 [INFO] LogOutputStream:77 - [STDOUT_REDIRECT] 1 : Invalid condition id : UX_CORESTACK_Condition cause : null
2024-03-14 15:59:19,303 [INFO] LogOutputStream:77 - [STDOUT_REDIRECT] 1 : Invalid condition id : UX_CORESTACK_Condition cause : null
2024-03-14 15:59:19,303 [INFO] LogOutputStream:77 - [STDOUT_REDIRECT] 1 : Invalid condition id : UX_CORESTACK_Condition cause : null
2024-03-14 15:59:19,306 [WARN] PackLoader:240 - Cannot read IP mode file for STMicroelectronics.X-CUBE-AZRTOS-WL.2.0.0
2024-03-14 15:59:19,330 [WARN] PackLoader:240 - Cannot read IP mode file for WES.I-CUBE-Cesium.1.3.0
2024-03-14 15:59:19,336 [WARN] PackLoader:240 - Cannot read IP mode file for STMicroelectronics.X-CUBE-BLE2.3.3.0
2024-03-14 15:59:19,364 [WARN] PackLoader:240 - Cannot read IP mode file for STMicroelectronics.X-CUBE-ALGOBUILD.1.3.0
2024-03-14 15:59:19,407 [WARN] PackLoader:240 - Cannot read IP mode file for STMicroelectronics.X-CUBE-AZRTOS-G0.1.1.0
2024-03-14 15:59:19,434 [WARN] PackLoader:240 - Cannot read IP mode file for STMicroelectronics.X-CUBE-NFC4.3.0.0
2024-03-14 15:59:19,456 [WARN] PackLoader:240 - Cannot read IP mode file for STMicroelectronics.X-CUBE-BLEMGR.3.0.0
2024-03-14 15:59:19,464 [WARN] PackLoader:240 - Cannot read IP mode file for STMicroelectronics.FP-ATR-SIGFOX1.3.2.0
2024-03-14 15:59:19,470 [WARN] PackLoader:240 - Cannot read IP mode file for STMicroelectronics.X-CUBE-EEPRMA1.5.1.0
2024-03-14 15:59:19,564 [WARN] PackLoader:240 - Cannot read IP mode file for SEGGER.I-CUBE-embOS.1.3.1
2024-03-14 15:59:19,630 [WARN] PackLoader:240 - Cannot read IP mode file for STMicroelectronics.X-CUBE-GNSS1.6.0.0
2024-03-14 15:59:19,680 [WARN] PackLoader:240 - Cannot read IP mode file for STMicroelectronics.X-CUBE-AZRTOS-F4.1.1.0
2024-03-14 15:59:19,702 [WARN] PackLoader:240 - Cannot read IP mode file for wolfSSL.I-CUBE-wolfSSL.5.6.3
2024-03-14 15:59:19,730 [WARN] PackLoader:240 - Cannot read IP mode file for STMicroelectronics.X-CUBE-AZRTOS-L5.2.0.0
2024-03-14 15:59:19,805 [WARN] PackLoader:240 - Cannot read IP mode file for STMicroelectronics.X-CUBE-MEMS1.9.6.0
2024-03-14 15:59:19,977 [WARN] PackLoader:240 - Cannot read IP mode file for STMicroelectronics.X-CUBE-EEPRMA1.4.2.0
2024-03-14 15:59:20,006 [WARN] PackLoader:240 - Cannot read IP mode file for ITTIA_DB.I-CUBE-ITTIADB.8.8.0
2024-03-14 15:59:20,033 [WARN] PackLoader:240 - Cannot read IP mode file for STMicroelectronics.X-CUBE-BLEMGR.2.0.0
2024-03-14 15:59:20,104 [WARN] ConditionMgr:438 - getConditionDescription Invalid condition id : UX DEVICE CLASS RTOS Condition cause : null
2024-03-14 15:59:20,105 [WARN] ConditionMgr:438 - getConditionDescription Invalid condition id : UX DEVICE CLASS RTOS Condition cause : null
2024-03-14 15:59:20,112 [WARN] PackLoader:240 - Cannot read IP mode file for STMicroelectronics.X-CUBE-AZRTOS-H7.3.1.0
2024-03-14 15:59:20,117 [WARN] ConditionMgr:1039 - genDependencies : Invalid condition id : UX DEVICE CLASS RTOS Condition cause : null
2024-03-14 15:59:20,117 [WARN] ConditionMgr:1039 - genDependencies : Invalid condition id : UX DEVICE CLASS RTOS Condition cause : null
2024-03-14 15:59:20,118 [WARN] ConditionMgr:1039 - genDependencies : Invalid condition id : UX DEVICE CLASS RTOS Condition cause : null
2024-03-14 15:59:20,120 [WARN] ConditionMgr:1039 - genDependencies : Invalid condition id : UX DEVICE CLASS RTOS Condition cause : null
2024-03-14 15:59:20,120 [WARN] ConditionMgr:1039 - genDependencies : Invalid condition id : UX DEVICE CLASS RTOS Condition cause : null
2024-03-14 15:59:20,135 [WARN] PackLoader:240 - Cannot read IP mode file for STMicroelectronics.X-CUBE-NFC7.1.0.1
2024-03-14 15:59:20,151 [WARN] PackLoader:240 - Cannot read IP mode file for STMicroelectronics.X-CUBE-NFC6.3.0.0
2024-03-14 15:59:20,169 [WARN] PackLoader:240 - Cannot read IP mode file for STMicroelectronics.X-CUBE-EEPRMA1.4.1.0
2024-03-14 15:59:20,175 [WARN] PackLoader:240 - Cannot read IP mode file for STMicroelectronics.X-CUBE-AI.8.1.0
2024-03-14 15:59:20,199 [WARN] ConditionMgr:438 - getConditionDescription Invalid condition id : LAN8742 Phy interface Condition cause : null
2024-03-14 15:59:20,200 [WARN] PackLoader:240 - Cannot read IP mode file for STMicroelectronics.X-CUBE-AZRTOS-L4.2.0.0
2024-03-14 15:59:20,202 [WARN] ConditionMgr:1039 - genDependencies : Invalid condition id : LAN8742 Phy interface Condition cause : null
2024-03-14 15:59:20,203 [WARN] ConditionMgr:1039 - genDependencies : Invalid condition id : LAN8742 Phy interface Condition cause : null
2024-03-14 15:59:20,204 [WARN] ConditionMgr:1039 - genDependencies : Invalid condition id : LAN8742 Phy interface Condition cause : null
2024-03-14 15:59:20,224 [WARN] PackLoader:240 - Cannot read IP mode file for STMicroelectronics.X-CUBE-SFXS2LP1.4.0.0
2024-03-14 15:59:20,232 [WARN] PackLoader:240 - Cannot read IP mode file for STMicroelectronics.X-CUBE-ISPU.1.1.0
2024-03-14 15:59:20,246 [WARN] ConditionMgr:438 - getConditionDescription Invalid condition id : UX DEVICE CLASS RTOS Condition cause : null
2024-03-14 15:59:20,246 [WARN] ConditionMgr:438 - getConditionDescription Invalid condition id : UX DEVICE CLASS RTOS Condition cause : null
2024-03-14 15:59:20,250 [WARN] PackLoader:240 - Cannot read IP mode file for STMicroelectronics.X-CUBE-AZRTOS-WB.2.0.0
2024-03-14 15:59:20,251 [WARN] ConditionMgr:1039 - genDependencies : Invalid condition id : UX DEVICE CLASS RTOS Condition cause : null
2024-03-14 15:59:20,251 [WARN] ConditionMgr:1039 - genDependencies : Invalid condition id : UX DEVICE CLASS RTOS Condition cause : null
2024-03-14 15:59:20,252 [WARN] ConditionMgr:1039 - genDependencies : Invalid condition id : UX DEVICE CLASS RTOS Condition cause : null
2024-03-14 15:59:20,253 [WARN] ConditionMgr:1039 - genDependencies : Invalid condition id : UX DEVICE CLASS RTOS Condition cause : null
2024-03-14 15:59:20,254 [WARN] ConditionMgr:1039 - genDependencies : Invalid condition id : UX DEVICE CLASS RTOS Condition cause : null
2024-03-14 15:59:20,278 [WARN] PackLoader:240 - Cannot read IP mode file for STMicroelectronics.X-CUBE-SUBG2.5.0.0
2024-03-14 15:59:20,301 [WARN] PackLoader:240 - Cannot read IP mode file for STMicroelectronics.X-CUBE-TOF1.3.3.1
2024-03-14 15:59:20,333 [WARN] PackLoader:240 - Cannot read IP mode file for STMicroelectronics.X-CUBE-AZRTOS-G4.2.0.0
2024-03-14 15:59:20,364 [WARN] PackLoader:240 - Cannot read IP mode file for Infineon.AIROC-Wi-Fi-Bluetooth-STM32.1.5.1
2024-03-14 15:59:20,375 [WARN] PackLoader:240 - Cannot read IP mode file for STMicroelectronics.FP-SNS-MOTENVWB1.1.3.0
2024-03-14 15:59:20,381 [WARN] PackLoader:240 - Cannot read IP mode file for STMicroelectronics.FP-SNS-MOTENVWB1.1.3.1
2024-03-14 15:59:20,386 [WARN] PackLoader:240 - Cannot read IP mode file for STMicroelectronics.X-CUBE-ISPU.2.0.0
2024-03-14 15:59:20,439 [WARN] PackLoader:240 - Cannot read IP mode file for STMicroelectronics.X-CUBE-MEMS1.10.0.0
2024-03-14 15:59:20,541 [WARN] PackLoader:240 - Cannot read IP mode file for STMicroelectronics.X-CUBE-FREERTOS.1.1.0
2024-03-14 15:59:20,550 [WARN] PackLoader:240 - Cannot read IP mode file for portGmbH.I-Cube-SoM-uGOAL.1.1.0
2024-03-14 15:59:20,554 [WARN] PackLoader:240 - Cannot read IP mode file for STMicroelectronics.X-CUBE-ALS.1.0.1
2024-03-14 15:59:20,559 [WARN] PackLoader:240 - Cannot read IP mode file for STMicroelectronics.FP-ATR-ASTRA1.2.0.0
2024-03-14 15:59:20,571 [WARN] PackLoader:240 - Cannot read IP mode file for STMicroelectronics.X-CUBE-TOF1.3.4.0
2024-03-14 15:59:20,589 [WARN] PackLoader:240 - Cannot read IP mode file for STMicroelectronics.X-CUBE-TOF1.3.4.1
2024-03-14 15:59:20,616 [WARN] PackLoader:240 - Cannot read IP mode file for STMicroelectronics.X-CUBE-AZRTOS-H7.3.2.0
2024-03-14 15:59:20,624 [INFO] ThirdParty:978 - Integrity check success = true
2024-03-14 15:59:20,624 [INFO] IntegrityCheckThread:100 - exiting critical section [integrity check]
2024-03-14 15:59:20,624 [INFO] IntegrityCheckThread:103 - End integrity checks thread
2024-03-14 15:59:22,367 [INFO] WebApp:161 - Instantiating new browser for Auth
2024-03-14 15:59:23,695 [INFO] WebApp:780 - Register for checkConnection events
2024-03-14 15:59:23,696 [INFO] WebApp:414 - Apply proxy settings
2024-03-14 15:59:23,714 [INFO] WebApp:459 - Chromium authenticates against Manually configured proxy
2024-03-14 15:59:23,731 [INFO] WebApp:467 - Username used for proxy authentication: 
2024-03-14 15:59:23,885 [INFO] WebApp:192 - Starting web application
2024-03-14 15:59:23,885 [INFO] WebApp:544 - Web application path used /Applications/STM32CubeIDE.app/Contents/Eclipse/plugins/com.st.stm32cube.common.mx_6.10.0.202311202037/db/plugins/mcufinder/reactClient1/index.html
2024-03-14 15:59:45,191 [ERROR] LogOutputStream:75 - [STDERR_REDIRECT] SLF4J: Failed to load class "org.slf4j.impl.StaticLoggerBinder".
2024-03-14 15:59:45,192 [ERROR] LogOutputStream:75 - [STDERR_REDIRECT] SLF4J: Defaulting to no-operation (NOP) logger implementation
2024-03-14 15:59:45,193 [ERROR] LogOutputStream:75 - [STDERR_REDIRECT] SLF4J: See http://www.slf4j.org/codes.html#StaticLoggerBinder for further details.
2024-03-14 16:01:08,876 [ERROR] LogOutputStream:75 - [STDERR_REDIRECT] 
2024-03-14 16:01:21,690 [INFO] Activator:176 - 


2024-03-14 16:01:21,692 [INFO] Activator:177 - !SESSION log4j initialized
2024-03-14 16:01:23,194 [ERROR] LogOutputStream:75 - [STDERR_REDIRECT] 
2024-03-14 16:01:23,621 [INFO] LogOutputStream:77 - [STDOUT_REDIRECT] 
2024-03-14 16:01:24,830 [INFO] LogOutputStream:77 - [STDOUT_REDIRECT] 
2024-03-14 16:01:26,610 [INFO] ApplicationProperties:184 - Using Application install path: /Applications/STM32CubeIDE.app/Contents/Eclipse/plugins/com.st.stm32cube.common.mx_6.10.0.202311202037
2024-03-14 16:01:26,622 [INFO] DbMcusXml:78 - Set database path to: /Applications/STM32CubeIDE.app/Contents/Eclipse/plugins/com.st.stm32cube.common.mx_6.10.0.202311202037//db//mcu/
2024-03-14 16:01:26,622 [INFO] ApiDb:274 - Set plugin database path to: /Applications/STM32CubeIDE.app/Contents/Eclipse/plugins/com.st.stm32cube.common.mx_6.10.0.202311202037//db//plugins/boardmanager/
2024-03-14 16:01:26,623 [WARN] ApiDb:259 - Overriding images path with different value:  => /Applications/STM32CubeIDE.app/Contents/Eclipse/plugins/com.st.stm32cube.common.mx_6.10.0.202311202037//db//plugins/mcufinder/images/
2024-03-14 16:01:26,629 [INFO] ApiDb:250 - Set database path to: /Users/joshwashburn/.stmcufinder/plugins/mcufinder//mcu/
2024-03-14 16:01:26,631 [INFO] DbMcusAds:125 - Set database path to: /Users/joshwashburn/.stmcufinder/plugins/mcufinder//mcu/
2024-03-14 16:01:26,632 [INFO] CrossReferenceDbSqlite:203 - Set database path to: /Users/joshwashburn/.stmcufinder/plugins/mcufinder//mcu/cs/
2024-03-14 16:01:26,747 [INFO] RulesReader:64 - Compatibility file has been processed (297 Rules)
2024-03-14 16:01:26,811 [INFO] DbMcusXml:78 - Set database path to: /Applications/STM32CubeIDE.app/Contents/Eclipse/plugins/com.st.stm32cube.common.mx_6.10.0.202311202037//db//mcu/
2024-03-14 16:01:26,811 [INFO] ApiDb:274 - Set plugin database path to: /Applications/STM32CubeIDE.app/Contents/Eclipse/plugins/com.st.stm32cube.common.mx_6.10.0.202311202037//db//plugins/boardmanager/
2024-03-14 16:01:26,811 [INFO] ApiDb:261 - Set plugin images path to: /Applications/STM32CubeIDE.app/Contents/Eclipse/plugins/com.st.stm32cube.common.mx_6.10.0.202311202037//db//plugins/mcufinder/images/
2024-03-14 16:01:26,812 [WARN] DbFile:41 - Overriding database path with different value: /Users/joshwashburn/.stmcufinder/plugins/mcufinder/ => /Users/joshwashburn/.stmcufinder/plugins/mcufinder
2024-03-14 16:01:26,812 [INFO] ApiDb:250 - Set database path to: /Users/joshwashburn/.stmcufinder/plugins/mcufinder//mcu/
2024-03-14 16:01:26,812 [WARN] DbFile:41 - Overriding database path with different value: /Users/joshwashburn/.stmcufinder/plugins/mcufinder/ => /Users/joshwashburn/.stmcufinder/plugins/mcufinder
2024-03-14 16:01:26,812 [INFO] DbMcusAds:125 - Set database path to: /Users/joshwashburn/.stmcufinder/plugins/mcufinder//mcu/
2024-03-14 16:01:26,812 [WARN] DbFile:41 - Overriding database path with different value: /Users/joshwashburn/.stmcufinder/plugins/mcufinder/ => /Users/joshwashburn/.stmcufinder/plugins/mcufinder
2024-03-14 16:01:26,812 [WARN] DbFile:41 - Overriding database path with different value: /Users/joshwashburn/.stmcufinder/plugins/mcufinder/ => /Users/joshwashburn/.stmcufinder/plugins/mcufinder
2024-03-14 16:01:26,812 [INFO] CrossReferenceDbSqlite:203 - Set database path to: /Users/joshwashburn/.stmcufinder/plugins/mcufinder//mcu/cs/
2024-03-14 16:01:26,874 [INFO] MainPanel:264 - HeapMemory: 268435456
2024-03-14 16:01:26,943 [INFO] DbMcusXml:78 - Set database path to: /Applications/STM32CubeIDE.app/Contents/Eclipse/plugins/com.st.stm32cube.common.mx_6.10.0.202311202037//db//mcu/
2024-03-14 16:01:26,943 [INFO] ApiDb:274 - Set plugin database path to: /Applications/STM32CubeIDE.app/Contents/Eclipse/plugins/com.st.stm32cube.common.mx_6.10.0.202311202037//db//plugins/boardmanager/
2024-03-14 16:01:26,943 [INFO] ApiDb:261 - Set plugin images path to: /Applications/STM32CubeIDE.app/Contents/Eclipse/plugins/com.st.stm32cube.common.mx_6.10.0.202311202037//db//plugins/mcufinder/images/
2024-03-14 16:01:26,943 [WARN] DbFile:41 - Overriding database path with different value: /Users/joshwashburn/.stmcufinder/plugins/mcufinder/ => /Users/joshwashburn/.stmcufinder/plugins/mcufinder
2024-03-14 16:01:26,943 [INFO] ApiDb:250 - Set database path to: /Users/joshwashburn/.stmcufinder/plugins/mcufinder//mcu/
2024-03-14 16:01:26,943 [WARN] DbFile:41 - Overriding database path with different value: /Users/joshwashburn/.stmcufinder/plugins/mcufinder/ => /Users/joshwashburn/.stmcufinder/plugins/mcufinder
2024-03-14 16:01:26,943 [INFO] DbMcusAds:125 - Set database path to: /Users/joshwashburn/.stmcufinder/plugins/mcufinder//mcu/
2024-03-14 16:01:26,944 [WARN] DbFile:41 - Overriding database path with different value: /Users/joshwashburn/.stmcufinder/plugins/mcufinder/ => /Users/joshwashburn/.stmcufinder/plugins/mcufinder
2024-03-14 16:01:26,944 [WARN] DbFile:41 - Overriding database path with different value: /Users/joshwashburn/.stmcufinder/plugins/mcufinder/ => /Users/joshwashburn/.stmcufinder/plugins/mcufinder
2024-03-14 16:01:26,944 [INFO] CrossReferenceDbSqlite:203 - Set database path to: /Users/joshwashburn/.stmcufinder/plugins/mcufinder//mcu/cs/
2024-03-14 16:01:26,958 [INFO] ApplicationProperties:184 - Using Application install path: /Applications/STM32CubeIDE.app/Contents/Eclipse/plugins/com.st.stm32cube.common.mx_6.10.0.202311202037
2024-03-14 16:01:26,959 [INFO] PluginManage:196 - Search for loadable plugins [exclusion list=, ]
2024-03-14 16:01:26,960 [INFO] PluginManage:310 - Check plugin analytics
2024-03-14 16:01:27,141 [INFO] AnalyticsPlugin:253 - Accepted Software Licenses: STM32CubeMX.6.10.0
2024-03-14 16:01:27,141 [INFO] AnalyticsPlugin:255 - Accepted CMSIS Pack Licenses: 
2024-03-14 16:01:27,141 [INFO] AnalyticsPlugin:257 - Accepted Firmware Licenses: FW.F4.1.27.0
2024-03-14 16:01:27,150 [INFO] PluginManage:359 - Loaded plugin analytics (category:tool,tabindex:-1)
2024-03-14 16:01:27,153 [INFO] PluginManage:310 - Check plugin cadmodel
2024-03-14 16:01:27,870 [INFO] CADModel:105 - Init CAD model plugin
2024-03-14 16:01:27,872 [INFO] PluginManage:359 - Loaded plugin cadmodel (category:power,tabindex:5)
2024-03-14 16:01:27,874 [INFO] PluginManage:310 - Check plugin clock
2024-03-14 16:01:27,969 [INFO] PluginManage:359 - Loaded plugin clock (category:base,tabindex:2)
2024-03-14 16:01:27,969 [INFO] PluginManage:310 - Check plugin ddr
2024-03-14 16:01:27,971 [INFO] PluginManage:359 - Loaded plugin ddr (category:tool,tabindex:6)
2024-03-14 16:01:27,972 [INFO] PluginManage:310 - Check plugin filemanager
2024-03-14 16:01:28,123 [ERROR] LogOutputStream:75 - [STDERR_REDIRECT] [Fatal Error] :2:10: DOCTYPE is disallowed when the feature "http://apache.org/xml/features/disallow-doctype-decl" set to true.
2024-03-14 16:01:28,125 [ERROR] LogOutputStream:75 - [STDERR_REDIRECT] 
2024-03-14 16:01:28,164 [INFO] PluginManage:359 - Loaded plugin filemanager (category:base,tabindex:10)
2024-03-14 16:01:28,164 [INFO] PluginManage:310 - Check plugin ipmanager
2024-03-14 16:01:28,174 [INFO] PluginManage:359 - Loaded plugin ipmanager (category:base,tabindex:5)
2024-03-14 16:01:28,174 [INFO] PluginManage:310 - Check plugin lpbam
2024-03-14 16:01:28,184 [INFO] PluginManage:359 - Loaded plugin lpbam (category:base,tabindex:0)
2024-03-14 16:01:28,185 [INFO] PluginManage:310 - Check plugin memorymap
2024-03-14 16:01:28,194 [INFO] PluginManage:359 - Loaded plugin memorymap (category:base,tabindex:4)
2024-03-14 16:01:28,194 [INFO] PluginManage:310 - Check plugin pinoutandconfiguration
2024-03-14 16:01:28,198 [INFO] PluginManage:359 - Loaded plugin pinoutandconfiguration (category:base,tabindex:1)
2024-03-14 16:01:28,198 [INFO] PluginManage:310 - Check plugin pinoutconfig
2024-03-14 16:01:28,265 [WARN] SupportedApi:132 - Cannot load RTOS API schema: s4s-elt-must-match.1: The content of 'definitions' must match (annotation?, (simpleType | complexType)?, (unique | key | keyref)*)). A problem was found starting at: attribute.
2024-03-14 16:01:28,453 [INFO] PluginManage:359 - Loaded plugin pinoutconfig (category:base,tabindex:0)
2024-03-14 16:01:28,455 [INFO] PluginManage:310 - Check plugin power
2024-03-14 16:01:28,477 [INFO] PluginManage:359 - Loaded plugin power (category:power,tabindex:4)
2024-03-14 16:01:28,477 [INFO] PluginManage:310 - Check plugin projectmanager
2024-03-14 16:01:28,513 [INFO] PluginManage:359 - Loaded plugin projectmanager (category:projectmanager,tabindex:3)
2024-03-14 16:01:28,513 [INFO] PluginManage:310 - Check plugin thirdparty
2024-03-14 16:01:28,666 [INFO] PluginManage:359 - Loaded plugin thirdparty (category:base,tabindex:-1)
2024-03-14 16:01:28,667 [INFO] PluginManage:310 - Check plugin tools
2024-03-14 16:01:28,666 [WARN] IntegrityCheckThread:84 - waiting for thirdparty lock release [integrity check]
2024-03-14 16:01:28,668 [INFO] IntegrityCheckThread:86 - entering critical section [integrity check]
2024-03-14 16:01:28,668 [INFO] ThirdPartyUpdaterWithRetryManager:70 - Updater plugin not ready yet. [1/15]
2024-03-14 16:01:28,671 [INFO] PluginManage:359 - Loaded plugin tools (category:base,tabindex:7)
2024-03-14 16:01:28,671 [INFO] PluginManage:310 - Check plugin tutovideos
2024-03-14 16:01:28,811 [INFO] PluginManage:359 - Loaded plugin tutovideos (category:base,tabindex:-1)
2024-03-14 16:01:28,812 [INFO] PluginManage:310 - Check plugin updater
2024-03-14 16:01:28,826 [INFO] PluginManage:359 - Loaded plugin updater (category:base,tabindex:12)
2024-03-14 16:01:28,826 [INFO] PluginManage:310 - Check plugin userauth
2024-03-14 16:01:28,830 [INFO] UserAuth:114 - Init User Auth plugin
2024-03-14 16:01:28,831 [INFO] PluginManage:359 - Loaded plugin userauth (category:base,tabindex:14)
2024-03-14 16:01:28,831 [INFO] PluginManage:283 - PluginManage : Loaded plugins [17]
2024-03-14 16:01:29,038 [INFO] PinOutPanel:1499 - setPackage(No Configuration,No Configuration)
2024-03-14 16:01:29,106 [INFO] CADModel:165 - CPN selected for project level
2024-03-14 16:01:29,106 [INFO] CADModel:114 - Register for checkConnection events
2024-03-14 16:01:29,115 [INFO] IPUIPlugin:80 - create IPUIPlugin
2024-03-14 16:01:29,115 [INFO] PluginManager:220 - loadIPPluginJar : add mdma
2024-03-14 16:01:29,119 [INFO] IPUIPlugin:80 - create IPUIPlugin
2024-03-14 16:01:29,119 [INFO] PluginManager:220 - loadIPPluginJar : add freertos
2024-03-14 16:01:29,124 [INFO] IPUIPlugin:80 - create IPUIPlugin
2024-03-14 16:01:29,124 [INFO] PluginManager:220 - loadIPPluginJar : add gic
2024-03-14 16:01:29,129 [INFO] IPUIPlugin:80 - create IPUIPlugin
2024-03-14 16:01:29,129 [INFO] PluginManager:220 - loadIPPluginJar : add adc
2024-03-14 16:01:29,131 [INFO] IPUIPlugin:80 - create IPUIPlugin
2024-03-14 16:01:29,131 [INFO] PluginManager:220 - loadIPPluginJar : add gtzc
2024-03-14 16:01:29,132 [INFO] IPUIPlugin:80 - create IPUIPlugin
2024-03-14 16:01:29,132 [INFO] PluginManager:220 - loadIPPluginJar : add quadspi
2024-03-14 16:01:29,133 [INFO] IPUIPlugin:80 - create IPUIPlugin
2024-03-14 16:01:29,133 [INFO] PluginManager:220 - loadIPPluginJar : add aes
2024-03-14 16:01:29,135 [INFO] IPUIPlugin:80 - create IPUIPlugin
2024-03-14 16:01:29,135 [INFO] PluginManager:220 - loadIPPluginJar : add pdm2pcm
2024-03-14 16:01:29,135 [INFO] IPUIPlugin:80 - create IPUIPlugin
2024-03-14 16:01:29,136 [INFO] PluginManager:220 - loadIPPluginJar : add hash
2024-03-14 16:01:29,136 [INFO] IPUIPlugin:80 - create IPUIPlugin
2024-03-14 16:01:29,136 [INFO] PluginManager:220 - loadIPPluginJar : add tim
2024-03-14 16:01:29,137 [INFO] IPUIPlugin:80 - create IPUIPlugin
2024-03-14 16:01:29,138 [INFO] PluginManager:220 - loadIPPluginJar : add tsc
2024-03-14 16:01:29,139 [INFO] IPUIPlugin:80 - create IPUIPlugin
2024-03-14 16:01:29,139 [INFO] PluginManager:220 - loadIPPluginJar : add ts
2024-03-14 16:01:29,141 [INFO] IPUIPlugin:80 - create IPUIPlugin
2024-03-14 16:01:29,141 [INFO] PluginManager:220 - loadIPPluginJar : add can
2024-03-14 16:01:29,141 [INFO] IPUIPlugin:80 - create IPUIPlugin
2024-03-14 16:01:29,142 [INFO] PluginManager:220 - loadIPPluginJar : add dma3
2024-03-14 16:01:29,143 [INFO] IPUIPlugin:80 - create IPUIPlugin
2024-03-14 16:01:29,143 [INFO] PluginManager:220 - loadIPPluginJar : add dfsdm
2024-03-14 16:01:29,144 [INFO] IPUIPlugin:80 - create IPUIPlugin
2024-03-14 16:01:29,144 [INFO] PluginManager:220 - loadIPPluginJar : add spi
2024-03-14 16:01:29,145 [INFO] IPUIPlugin:80 - create IPUIPlugin
2024-03-14 16:01:29,145 [INFO] PluginManager:220 - loadIPPluginJar : add gfxmmu
2024-03-14 16:01:29,147 [INFO] IPUIPlugin:80 - create IPUIPlugin
2024-03-14 16:01:29,147 [INFO] PluginManager:220 - loadIPPluginJar : add genericplugin
2024-03-14 16:01:29,148 [INFO] IPUIPlugin:80 - create IPUIPlugin
2024-03-14 16:01:29,148 [INFO] PluginManager:220 - loadIPPluginJar : add cryp
2024-03-14 16:01:29,151 [INFO] IPUIPlugin:80 - create IPUIPlugin
2024-03-14 16:01:29,151 [INFO] PluginManager:220 - loadIPPluginJar : add gpio
2024-03-14 16:01:29,153 [INFO] IPUIPlugin:80 - create IPUIPlugin
2024-03-14 16:01:29,153 [INFO] PluginManager:220 - loadIPPluginJar : add comp
2024-03-14 16:01:29,154 [INFO] IPUIPlugin:80 - create IPUIPlugin
2024-03-14 16:01:29,154 [INFO] PluginManager:220 - loadIPPluginJar : add tracer_emb
2024-03-14 16:01:29,155 [INFO] IPUIPlugin:80 - create IPUIPlugin
2024-03-14 16:01:29,155 [INFO] PluginManager:220 - loadIPPluginJar : add openamp
2024-03-14 16:01:29,158 [INFO] IPUIPlugin:80 - create IPUIPlugin
2024-03-14 16:01:29,158 [INFO] PluginManager:220 - loadIPPluginJar : add stm32_wpan
2024-03-14 16:01:29,162 [INFO] IPUIPlugin:80 - create IPUIPlugin
2024-03-14 16:01:29,169 [INFO] PluginManager:220 - loadIPPluginJar : add plateformsettings
2024-03-14 16:01:29,173 [INFO] IPUIPlugin:80 - create IPUIPlugin
2024-03-14 16:01:29,173 [INFO] PluginManager:220 - loadIPPluginJar : add ipddr
2024-03-14 16:01:29,175 [INFO] IPUIPlugin:80 - create IPUIPlugin
2024-03-14 16:01:29,175 [INFO] PluginManager:220 - loadIPPluginJar : add usart
2024-03-14 16:01:29,176 [INFO] IPUIPlugin:80 - create IPUIPlugin
2024-03-14 16:01:29,176 [INFO] PluginManager:220 - loadIPPluginJar : add ltdc
2024-03-14 16:01:29,177 [INFO] IPUIPlugin:80 - create IPUIPlugin
2024-03-14 16:01:29,177 [INFO] PluginManager:220 - loadIPPluginJar : add nvic
2024-03-14 16:01:29,178 [INFO] IPUIPlugin:80 - create IPUIPlugin
2024-03-14 16:01:29,178 [INFO] PluginManager:220 - loadIPPluginJar : add fatfs
2024-03-14 16:01:29,181 [INFO] IPUIPlugin:80 - create IPUIPlugin
2024-03-14 16:01:29,181 [INFO] PluginManager:220 - loadIPPluginJar : add linkedlist
2024-03-14 16:01:29,185 [INFO] IPUIPlugin:80 - create IPUIPlugin
2024-03-14 16:01:29,185 [INFO] PluginManager:220 - loadIPPluginJar : add dma
2024-03-14 16:01:29,186 [INFO] IPUIPlugin:80 - create IPUIPlugin
2024-03-14 16:01:29,186 [INFO] PluginManager:220 - loadIPPluginJar : add fmc
2024-03-14 16:01:29,187 [INFO] IPUIPlugin:80 - create IPUIPlugin
2024-03-14 16:01:29,187 [INFO] PluginManager:220 - loadIPPluginJar : add i2s
2024-03-14 16:01:29,188 [INFO] IPUIPlugin:80 - create IPUIPlugin
2024-03-14 16:01:29,189 [INFO] PluginManager:220 - loadIPPluginJar : add ucpd
2024-03-14 16:01:29,190 [INFO] IPUIPlugin:80 - create IPUIPlugin
2024-03-14 16:01:29,190 [INFO] PluginManager:220 - loadIPPluginJar : add lorawan
2024-03-14 16:01:29,191 [INFO] IPUIPlugin:80 - create IPUIPlugin
2024-03-14 16:01:29,191 [INFO] PluginManager:220 - loadIPPluginJar : add opamp
2024-03-14 16:01:29,192 [INFO] IPUIPlugin:80 - create IPUIPlugin
2024-03-14 16:01:29,192 [INFO] PluginManager:220 - loadIPPluginJar : add i3c
2024-03-14 16:01:29,193 [INFO] IPUIPlugin:80 - create IPUIPlugin
2024-03-14 16:01:29,193 [INFO] PluginManager:220 - loadIPPluginJar : add touchsensing
2024-03-14 16:01:29,194 [INFO] IPUIPlugin:80 - create IPUIPlugin
2024-03-14 16:01:29,194 [INFO] PluginManager:220 - loadIPPluginJar : add i2c
2024-03-14 16:01:29,196 [INFO] IPUIPlugin:80 - create IPUIPlugin
2024-03-14 16:01:29,196 [INFO] PluginManager:220 - loadIPPluginJar : add resmgrutility
2024-03-14 16:01:29,197 [INFO] IPUIPlugin:80 - create IPUIPlugin
2024-03-14 16:01:29,197 [INFO] PluginManager:220 - loadIPPluginJar : add sai
2024-03-14 16:01:29,198 [INFO] IPUIPlugin:80 - create IPUIPlugin
2024-03-14 16:01:29,198 [INFO] PluginManager:220 - loadIPPluginJar : add usbx
2024-03-14 16:01:29,310 [INFO] CADModel:165 - CPN selected for project level
2024-03-14 16:01:29,311 [INFO] CADModel:114 - Register for checkConnection events
2024-03-14 16:01:29,311 [FATAL] Updater:308 - Updater called before beeing initialized
2024-03-14 16:01:29,311 [ERROR] CADModel:125 - Updater not yet initialized, retry later 
2024-03-14 16:01:29,593 [INFO] CADModel:165 - CPN selected for project level
2024-03-14 16:01:29,640 [INFO] CADModel:114 - Register for checkConnection events
2024-03-14 16:01:29,640 [FATAL] Updater:308 - Updater called before beeing initialized
2024-03-14 16:01:29,640 [ERROR] CADModel:125 - Updater not yet initialized, retry later 
2024-03-14 16:01:29,655 [FATAL] Updater:308 - Updater called before beeing initialized
2024-03-14 16:01:29,821 [FATAL] Updater:308 - Updater called before beeing initialized
2024-03-14 16:01:29,826 [INFO] DbMcusAds:53 - JSON generation date=Wed Nov 29 04:52:27 CST 2023 (1701255147349)
2024-03-14 16:01:29,827 [FATAL] Updater:308 - Updater called before beeing initialized
2024-03-14 16:01:29,874 [WARN] DetailPanel:346 - Failed to get advertising image, set to default
2024-03-14 16:01:29,946 [FATAL] Updater:308 - Updater called before beeing initialized
2024-03-14 16:01:29,949 [FATAL] Updater:308 - Updater called before beeing initialized
2024-03-14 16:01:29,949 [FATAL] Updater:308 - Updater called before beeing initialized
2024-03-14 16:01:29,950 [WARN] DetailPanel:346 - Failed to get advertising image, set to default
2024-03-14 16:01:29,950 [FATAL] Updater:308 - Updater called before beeing initialized
2024-03-14 16:01:30,067 [ERROR] Updater:1120 - MainUpdater not yet initialized. External WinMGr cannot be set.
2024-03-14 16:01:30,109 [INFO] Updater:1056 - Updater Version found : 6.10.0
2024-03-14 16:01:30,121 [INFO] ApplicationProperties:184 - Using Application install path: /Applications/STM32CubeIDE.app/Contents/Eclipse/plugins/com.st.stm32cube.common.mx_6.10.0.202311202037
2024-03-14 16:01:30,526 [INFO] MainUpdater:2873 - connection check result : 10
2024-03-14 16:01:30,527 [INFO] MainUpdater:290 - Updater Check For Update Now.
2024-03-14 16:01:30,527 [INFO] MicroXplorer:498 - Change Database Version : DB.6.0.100
2024-03-14 16:01:30,531 [INFO] McuFinderGlobals:63 - Set McuFinder mode to 2 (CubeIDE integrated)
2024-03-14 16:01:30,552 [INFO] UserAuth:404 - Internet connection configuration mode: 1
2024-03-14 16:01:30,564 [INFO] JxBrowserEngine:152 - Initiate JxBrowser Engine with user profile folder
2024-03-14 16:01:30,761 [INFO] CheckServerUpdateThread:120 - End of CheckServer Thread
2024-03-14 16:01:31,870 [WARN] PackLoader:240 - Cannot read IP mode file for STMicroelectronics.X-CUBE-SMBUS.2.1.0
2024-03-14 16:01:31,922 [WARN] PackLoader:240 - Cannot read IP mode file for STMicroelectronics.X-CUBE-TOUCHGFX.4.23.0
2024-03-14 16:01:32,004 [WARN] PackLoader:240 - Cannot read IP mode file for STMicroelectronics.X-CUBE-AZRTOS-F7.1.1.0
2024-03-14 16:01:32,107 [WARN] PackLoader:240 - Cannot read IP mode file for STMicroelectronics.FP-SNS-MOTENV1.4.3.2
2024-03-14 16:01:32,155 [WARN] PackLoader:240 - Cannot read IP mode file for STMicroelectronics.FP-SNS-FLIGHT1.5.0.2
2024-03-14 16:01:32,207 [WARN] PackLoader:240 - Cannot read IP mode file for STMicroelectronics.X-CUBE-DISPLAY.3.0.0
2024-03-14 16:01:32,308 [WARN] PackLoader:240 - Cannot read IP mode file for STMicroelectronics.X-CUBE-BLE1.7.0.0
2024-03-14 16:01:32,364 [WARN] PackLoader:240 - Cannot read IP mode file for emotas.I-CUBE-CANOPEN.1.3.0
2024-03-14 16:01:32,386 [WARN] PackLoader:240 - Cannot read IP mode file for STMicroelectronics.X-CUBE-TOUCHGFX.4.22.1
2024-03-14 16:01:32,430 [WARN] PackLoader:240 - Cannot read IP mode file for STMicroelectronics.X-CUBE-BLEMGR.3.1.0
2024-03-14 16:01:32,478 [WARN] PackLoader:240 - Cannot read IP mode file for STMicroelectronics.FP-SNS-SMARTAG2.1.2.0
2024-03-14 16:01:32,520 [INFO] LogOutputStream:77 - [STDOUT_REDIRECT] 1 : Invalid condition id : UX_CORESTACK_Condition cause : null
2024-03-14 16:01:32,523 [INFO] LogOutputStream:77 - [STDOUT_REDIRECT] 1 : Invalid condition id : UX_CORESTACK_Condition cause : null
2024-03-14 16:01:32,524 [INFO] LogOutputStream:77 - [STDOUT_REDIRECT] 1 : Invalid condition id : UX_CORESTACK_Condition cause : null
2024-03-14 16:01:32,524 [INFO] LogOutputStream:77 - [STDOUT_REDIRECT] 1 : Invalid condition id : UX_CORESTACK_Condition cause : null
2024-03-14 16:01:32,525 [INFO] LogOutputStream:77 - [STDOUT_REDIRECT] 1 : Invalid condition id : UX_CORESTACK_Condition cause : null
2024-03-14 16:01:32,534 [WARN] PackLoader:240 - Cannot read IP mode file for STMicroelectronics.X-CUBE-AZRTOS-WL.2.0.0
2024-03-14 16:01:32,566 [WARN] PackLoader:240 - Cannot read IP mode file for WES.I-CUBE-Cesium.1.3.0
2024-03-14 16:01:32,584 [WARN] PackLoader:240 - Cannot read IP mode file for STMicroelectronics.X-CUBE-BLE2.3.3.0
2024-03-14 16:01:32,611 [WARN] PackLoader:240 - Cannot read IP mode file for STMicroelectronics.X-CUBE-ALGOBUILD.1.3.0
2024-03-14 16:01:32,659 [WARN] PackLoader:240 - Cannot read IP mode file for STMicroelectronics.X-CUBE-AZRTOS-G0.1.1.0
2024-03-14 16:01:32,692 [WARN] PackLoader:240 - Cannot read IP mode file for STMicroelectronics.X-CUBE-NFC4.3.0.0
2024-03-14 16:01:32,730 [WARN] PackLoader:240 - Cannot read IP mode file for STMicroelectronics.X-CUBE-BLEMGR.3.0.0
2024-03-14 16:01:32,742 [WARN] PackLoader:240 - Cannot read IP mode file for STMicroelectronics.FP-ATR-SIGFOX1.3.2.0
2024-03-14 16:01:32,749 [WARN] PackLoader:240 - Cannot read IP mode file for STMicroelectronics.X-CUBE-EEPRMA1.5.1.0
2024-03-14 16:01:32,816 [WARN] PackLoader:240 - Cannot read IP mode file for SEGGER.I-CUBE-embOS.1.3.1
2024-03-14 16:01:32,945 [WARN] PackLoader:240 - Cannot read IP mode file for STMicroelectronics.X-CUBE-GNSS1.6.0.0
2024-03-14 16:01:32,997 [WARN] PackLoader:240 - Cannot read IP mode file for STMicroelectronics.X-CUBE-AZRTOS-F4.1.1.0
2024-03-14 16:01:33,016 [WARN] PackLoader:240 - Cannot read IP mode file for wolfSSL.I-CUBE-wolfSSL.5.6.3
2024-03-14 16:01:33,042 [WARN] PackLoader:240 - Cannot read IP mode file for STMicroelectronics.X-CUBE-AZRTOS-L5.2.0.0
2024-03-14 16:01:33,117 [WARN] PackLoader:240 - Cannot read IP mode file for STMicroelectronics.X-CUBE-MEMS1.9.6.0
2024-03-14 16:01:33,252 [WARN] PackLoader:240 - Cannot read IP mode file for STMicroelectronics.X-CUBE-EEPRMA1.4.2.0
2024-03-14 16:01:33,262 [WARN] PackLoader:240 - Cannot read IP mode file for ITTIA_DB.I-CUBE-ITTIADB.8.8.0
2024-03-14 16:01:33,273 [WARN] PackLoader:240 - Cannot read IP mode file for STMicroelectronics.X-CUBE-BLEMGR.2.0.0
2024-03-14 16:01:33,308 [WARN] ConditionMgr:438 - getConditionDescription Invalid condition id : UX DEVICE CLASS RTOS Condition cause : null
2024-03-14 16:01:33,309 [WARN] ConditionMgr:438 - getConditionDescription Invalid condition id : UX DEVICE CLASS RTOS Condition cause : null
2024-03-14 16:01:33,314 [WARN] PackLoader:240 - Cannot read IP mode file for STMicroelectronics.X-CUBE-AZRTOS-H7.3.1.0
2024-03-14 16:01:33,318 [WARN] ConditionMgr:1039 - genDependencies : Invalid condition id : UX DEVICE CLASS RTOS Condition cause : null
2024-03-14 16:01:33,318 [WARN] ConditionMgr:1039 - genDependencies : Invalid condition id : UX DEVICE CLASS RTOS Condition cause : null
2024-03-14 16:01:33,320 [WARN] ConditionMgr:1039 - genDependencies : Invalid condition id : UX DEVICE CLASS RTOS Condition cause : null
2024-03-14 16:01:33,320 [WARN] ConditionMgr:1039 - genDependencies : Invalid condition id : UX DEVICE CLASS RTOS Condition cause : null
2024-03-14 16:01:33,320 [WARN] ConditionMgr:1039 - genDependencies : Invalid condition id : UX DEVICE CLASS RTOS Condition cause : null
2024-03-14 16:01:33,330 [WARN] PackLoader:240 - Cannot read IP mode file for STMicroelectronics.X-CUBE-NFC7.1.0.1
2024-03-14 16:01:33,342 [WARN] PackLoader:240 - Cannot read IP mode file for STMicroelectronics.X-CUBE-NFC6.3.0.0
2024-03-14 16:01:33,350 [WARN] PackLoader:240 - Cannot read IP mode file for STMicroelectronics.X-CUBE-EEPRMA1.4.1.0
2024-03-14 16:01:33,354 [WARN] PackLoader:240 - Cannot read IP mode file for STMicroelectronics.X-CUBE-AI.8.1.0
2024-03-14 16:01:33,375 [WARN] ConditionMgr:438 - getConditionDescription Invalid condition id : LAN8742 Phy interface Condition cause : null
2024-03-14 16:01:33,376 [WARN] PackLoader:240 - Cannot read IP mode file for STMicroelectronics.X-CUBE-AZRTOS-L4.2.0.0
2024-03-14 16:01:33,379 [WARN] ConditionMgr:1039 - genDependencies : Invalid condition id : LAN8742 Phy interface Condition cause : null
2024-03-14 16:01:33,380 [WARN] ConditionMgr:1039 - genDependencies : Invalid condition id : LAN8742 Phy interface Condition cause : null
2024-03-14 16:01:33,381 [WARN] ConditionMgr:1039 - genDependencies : Invalid condition id : LAN8742 Phy interface Condition cause : null
2024-03-14 16:01:33,393 [WARN] PackLoader:240 - Cannot read IP mode file for STMicroelectronics.X-CUBE-SFXS2LP1.4.0.0
2024-03-14 16:01:33,402 [WARN] PackLoader:240 - Cannot read IP mode file for STMicroelectronics.X-CUBE-ISPU.1.1.0
2024-03-14 16:01:33,413 [WARN] ConditionMgr:438 - getConditionDescription Invalid condition id : UX DEVICE CLASS RTOS Condition cause : null
2024-03-14 16:01:33,413 [WARN] ConditionMgr:438 - getConditionDescription Invalid condition id : UX DEVICE CLASS RTOS Condition cause : null
2024-03-14 16:01:33,417 [WARN] PackLoader:240 - Cannot read IP mode file for STMicroelectronics.X-CUBE-AZRTOS-WB.2.0.0
2024-03-14 16:01:33,418 [WARN] ConditionMgr:1039 - genDependencies : Invalid condition id : UX DEVICE CLASS RTOS Condition cause : null
2024-03-14 16:01:33,418 [WARN] ConditionMgr:1039 - genDependencies : Invalid condition id : UX DEVICE CLASS RTOS Condition cause : null
2024-03-14 16:01:33,419 [WARN] ConditionMgr:1039 - genDependencies : Invalid condition id : UX DEVICE CLASS RTOS Condition cause : null
2024-03-14 16:01:33,419 [WARN] ConditionMgr:1039 - genDependencies : Invalid condition id : UX DEVICE CLASS RTOS Condition cause : null
2024-03-14 16:01:33,419 [WARN] ConditionMgr:1039 - genDependencies : Invalid condition id : UX DEVICE CLASS RTOS Condition cause : null
2024-03-14 16:01:33,430 [WARN] PackLoader:240 - Cannot read IP mode file for STMicroelectronics.X-CUBE-SUBG2.5.0.0
2024-03-14 16:01:33,445 [WARN] PackLoader:240 - Cannot read IP mode file for STMicroelectronics.X-CUBE-TOF1.3.3.1
2024-03-14 16:01:33,465 [WARN] PackLoader:240 - Cannot read IP mode file for STMicroelectronics.X-CUBE-AZRTOS-G4.2.0.0
2024-03-14 16:01:33,481 [WARN] PackLoader:240 - Cannot read IP mode file for Infineon.AIROC-Wi-Fi-Bluetooth-STM32.1.5.1
2024-03-14 16:01:33,489 [WARN] PackLoader:240 - Cannot read IP mode file for STMicroelectronics.FP-SNS-MOTENVWB1.1.3.0
2024-03-14 16:01:33,524 [WARN] PackLoader:240 - Cannot read IP mode file for STMicroelectronics.FP-SNS-MOTENVWB1.1.3.1
2024-03-14 16:01:33,534 [WARN] PackLoader:240 - Cannot read IP mode file for STMicroelectronics.X-CUBE-ISPU.2.0.0
2024-03-14 16:01:33,646 [WARN] PackLoader:240 - Cannot read IP mode file for STMicroelectronics.X-CUBE-MEMS1.10.0.0
2024-03-14 16:01:33,756 [WARN] PackLoader:240 - Cannot read IP mode file for STMicroelectronics.X-CUBE-FREERTOS.1.1.0
2024-03-14 16:01:33,766 [WARN] PackLoader:240 - Cannot read IP mode file for portGmbH.I-Cube-SoM-uGOAL.1.1.0
2024-03-14 16:01:33,770 [WARN] PackLoader:240 - Cannot read IP mode file for STMicroelectronics.X-CUBE-ALS.1.0.1
2024-03-14 16:01:33,775 [WARN] PackLoader:240 - Cannot read IP mode file for STMicroelectronics.FP-ATR-ASTRA1.2.0.0
2024-03-14 16:01:33,785 [WARN] PackLoader:240 - Cannot read IP mode file for STMicroelectronics.X-CUBE-TOF1.3.4.0
2024-03-14 16:01:33,808 [WARN] PackLoader:240 - Cannot read IP mode file for STMicroelectronics.X-CUBE-TOF1.3.4.1
2024-03-14 16:01:33,845 [WARN] PackLoader:240 - Cannot read IP mode file for STMicroelectronics.X-CUBE-AZRTOS-H7.3.2.0
2024-03-14 16:01:33,856 [INFO] ThirdParty:978 - Integrity check success = true
2024-03-14 16:01:33,856 [INFO] IntegrityCheckThread:100 - exiting critical section [integrity check]
2024-03-14 16:01:33,856 [INFO] IntegrityCheckThread:103 - End integrity checks thread
2024-03-14 16:01:35,291 [INFO] WebApp:161 - Instantiating new browser for Auth
2024-03-14 16:01:36,680 [INFO] WebApp:780 - Register for checkConnection events
2024-03-14 16:01:36,681 [INFO] WebApp:414 - Apply proxy settings
2024-03-14 16:01:36,704 [INFO] WebApp:459 - Chromium authenticates against Manually configured proxy
2024-03-14 16:01:36,734 [INFO] WebApp:467 - Username used for proxy authentication: 
2024-03-14 16:01:36,891 [INFO] WebApp:192 - Starting web application
2024-03-14 16:01:36,891 [INFO] WebApp:544 - Web application path used /Applications/STM32CubeIDE.app/Contents/Eclipse/plugins/com.st.stm32cube.common.mx_6.10.0.202311202037/db/plugins/mcufinder/reactClient1/index.html
2024-03-14 16:01:58,158 [ERROR] LogOutputStream:75 - [STDERR_REDIRECT] SLF4J: Failed to load class "org.slf4j.impl.StaticLoggerBinder".
2024-03-14 16:01:58,160 [ERROR] LogOutputStream:75 - [STDERR_REDIRECT] SLF4J: Defaulting to no-operation (NOP) logger implementation
2024-03-14 16:01:58,160 [ERROR] LogOutputStream:75 - [STDERR_REDIRECT] SLF4J: See http://www.slf4j.org/codes.html#StaticLoggerBinder for further details.
2024-03-14 16:02:13,024 [ERROR] LogOutputStream:75 - [STDERR_REDIRECT] 
2024-03-14 16:02:49,627 [INFO] Activator:176 - 


2024-03-14 16:02:49,629 [INFO] Activator:177 - !SESSION log4j initialized
2024-03-14 16:02:51,243 [ERROR] LogOutputStream:75 - [STDERR_REDIRECT] 
2024-03-14 16:02:51,543 [INFO] LogOutputStream:77 - [STDOUT_REDIRECT] 
2024-03-14 16:02:53,048 [INFO] LogOutputStream:77 - [STDOUT_REDIRECT] 
2024-03-14 16:02:55,042 [INFO] ApplicationProperties:184 - Using Application install path: /Applications/STM32CubeIDE.app/Contents/Eclipse/plugins/com.st.stm32cube.common.mx_6.10.0.202311202037
2024-03-14 16:02:55,059 [INFO] DbMcusXml:78 - Set database path to: /Applications/STM32CubeIDE.app/Contents/Eclipse/plugins/com.st.stm32cube.common.mx_6.10.0.202311202037//db//mcu/
2024-03-14 16:02:55,059 [INFO] ApiDb:274 - Set plugin database path to: /Applications/STM32CubeIDE.app/Contents/Eclipse/plugins/com.st.stm32cube.common.mx_6.10.0.202311202037//db//plugins/boardmanager/
2024-03-14 16:02:55,060 [WARN] ApiDb:259 - Overriding images path with different value:  => /Applications/STM32CubeIDE.app/Contents/Eclipse/plugins/com.st.stm32cube.common.mx_6.10.0.202311202037//db//plugins/mcufinder/images/
2024-03-14 16:02:55,067 [INFO] ApiDb:250 - Set database path to: /Users/joshwashburn/.stmcufinder/plugins/mcufinder//mcu/
2024-03-14 16:02:55,069 [INFO] DbMcusAds:125 - Set database path to: /Users/joshwashburn/.stmcufinder/plugins/mcufinder//mcu/
2024-03-14 16:02:55,071 [INFO] CrossReferenceDbSqlite:203 - Set database path to: /Users/joshwashburn/.stmcufinder/plugins/mcufinder//mcu/cs/
2024-03-14 16:02:55,187 [INFO] RulesReader:64 - Compatibility file has been processed (297 Rules)
2024-03-14 16:02:55,255 [INFO] DbMcusXml:78 - Set database path to: /Applications/STM32CubeIDE.app/Contents/Eclipse/plugins/com.st.stm32cube.common.mx_6.10.0.202311202037//db//mcu/
2024-03-14 16:02:55,255 [INFO] ApiDb:274 - Set plugin database path to: /Applications/STM32CubeIDE.app/Contents/Eclipse/plugins/com.st.stm32cube.common.mx_6.10.0.202311202037//db//plugins/boardmanager/
2024-03-14 16:02:55,255 [INFO] ApiDb:261 - Set plugin images path to: /Applications/STM32CubeIDE.app/Contents/Eclipse/plugins/com.st.stm32cube.common.mx_6.10.0.202311202037//db//plugins/mcufinder/images/
2024-03-14 16:02:55,256 [WARN] DbFile:41 - Overriding database path with different value: /Users/joshwashburn/.stmcufinder/plugins/mcufinder/ => /Users/joshwashburn/.stmcufinder/plugins/mcufinder
2024-03-14 16:02:55,256 [INFO] ApiDb:250 - Set database path to: /Users/joshwashburn/.stmcufinder/plugins/mcufinder//mcu/
2024-03-14 16:02:55,256 [WARN] DbFile:41 - Overriding database path with different value: /Users/joshwashburn/.stmcufinder/plugins/mcufinder/ => /Users/joshwashburn/.stmcufinder/plugins/mcufinder
2024-03-14 16:02:55,256 [INFO] DbMcusAds:125 - Set database path to: /Users/joshwashburn/.stmcufinder/plugins/mcufinder//mcu/
2024-03-14 16:02:55,256 [WARN] DbFile:41 - Overriding database path with different value: /Users/joshwashburn/.stmcufinder/plugins/mcufinder/ => /Users/joshwashburn/.stmcufinder/plugins/mcufinder
2024-03-14 16:02:55,256 [WARN] DbFile:41 - Overriding database path with different value: /Users/joshwashburn/.stmcufinder/plugins/mcufinder/ => /Users/joshwashburn/.stmcufinder/plugins/mcufinder
2024-03-14 16:02:55,256 [INFO] CrossReferenceDbSqlite:203 - Set database path to: /Users/joshwashburn/.stmcufinder/plugins/mcufinder//mcu/cs/
2024-03-14 16:02:55,328 [INFO] MainPanel:264 - HeapMemory: 270532608
2024-03-14 16:02:55,398 [INFO] DbMcusXml:78 - Set database path to: /Applications/STM32CubeIDE.app/Contents/Eclipse/plugins/com.st.stm32cube.common.mx_6.10.0.202311202037//db//mcu/
2024-03-14 16:02:55,399 [INFO] ApiDb:274 - Set plugin database path to: /Applications/STM32CubeIDE.app/Contents/Eclipse/plugins/com.st.stm32cube.common.mx_6.10.0.202311202037//db//plugins/boardmanager/
2024-03-14 16:02:55,399 [INFO] ApiDb:261 - Set plugin images path to: /Applications/STM32CubeIDE.app/Contents/Eclipse/plugins/com.st.stm32cube.common.mx_6.10.0.202311202037//db//plugins/mcufinder/images/
2024-03-14 16:02:55,399 [WARN] DbFile:41 - Overriding database path with different value: /Users/joshwashburn/.stmcufinder/plugins/mcufinder/ => /Users/joshwashburn/.stmcufinder/plugins/mcufinder
2024-03-14 16:02:55,399 [INFO] ApiDb:250 - Set database path to: /Users/joshwashburn/.stmcufinder/plugins/mcufinder//mcu/
2024-03-14 16:02:55,399 [WARN] DbFile:41 - Overriding database path with different value: /Users/joshwashburn/.stmcufinder/plugins/mcufinder/ => /Users/joshwashburn/.stmcufinder/plugins/mcufinder
2024-03-14 16:02:55,399 [INFO] DbMcusAds:125 - Set database path to: /Users/joshwashburn/.stmcufinder/plugins/mcufinder//mcu/
2024-03-14 16:02:55,399 [WARN] DbFile:41 - Overriding database path with different value: /Users/joshwashburn/.stmcufinder/plugins/mcufinder/ => /Users/joshwashburn/.stmcufinder/plugins/mcufinder
2024-03-14 16:02:55,399 [WARN] DbFile:41 - Overriding database path with different value: /Users/joshwashburn/.stmcufinder/plugins/mcufinder/ => /Users/joshwashburn/.stmcufinder/plugins/mcufinder
2024-03-14 16:02:55,400 [INFO] CrossReferenceDbSqlite:203 - Set database path to: /Users/joshwashburn/.stmcufinder/plugins/mcufinder//mcu/cs/
2024-03-14 16:02:55,416 [INFO] ApplicationProperties:184 - Using Application install path: /Applications/STM32CubeIDE.app/Contents/Eclipse/plugins/com.st.stm32cube.common.mx_6.10.0.202311202037
2024-03-14 16:02:55,417 [INFO] PluginManage:196 - Search for loadable plugins [exclusion list=, ]
2024-03-14 16:02:55,418 [INFO] PluginManage:310 - Check plugin analytics
2024-03-14 16:02:55,609 [INFO] AnalyticsPlugin:253 - Accepted Software Licenses: STM32CubeMX.6.10.0
2024-03-14 16:02:55,610 [INFO] AnalyticsPlugin:255 - Accepted CMSIS Pack Licenses: 
2024-03-14 16:02:55,610 [INFO] AnalyticsPlugin:257 - Accepted Firmware Licenses: FW.F4.1.27.0
2024-03-14 16:02:55,616 [INFO] PluginManage:359 - Loaded plugin analytics (category:tool,tabindex:-1)
2024-03-14 16:02:55,618 [INFO] PluginManage:310 - Check plugin cadmodel
2024-03-14 16:02:56,221 [ERROR] LogOutputStream:75 - [STDERR_REDIRECT] [Fatal Error] :2:10: DOCTYPE is disallowed when the feature "http://apache.org/xml/features/disallow-doctype-decl" set to true.
2024-03-14 16:02:56,223 [ERROR] LogOutputStream:75 - [STDERR_REDIRECT] 
2024-03-14 16:02:56,424 [INFO] CADModel:105 - Init CAD model plugin
2024-03-14 16:02:56,424 [INFO] PluginManage:359 - Loaded plugin cadmodel (category:power,tabindex:5)
2024-03-14 16:02:56,425 [INFO] PluginManage:310 - Check plugin clock
2024-03-14 16:02:56,448 [INFO] PluginManage:359 - Loaded plugin clock (category:base,tabindex:2)
2024-03-14 16:02:56,448 [INFO] PluginManage:310 - Check plugin ddr
2024-03-14 16:02:56,450 [INFO] PluginManage:359 - Loaded plugin ddr (category:tool,tabindex:6)
2024-03-14 16:02:56,450 [INFO] PluginManage:310 - Check plugin filemanager
2024-03-14 16:02:56,597 [INFO] PluginManage:359 - Loaded plugin filemanager (category:base,tabindex:10)
2024-03-14 16:02:56,598 [INFO] PluginManage:310 - Check plugin ipmanager
2024-03-14 16:02:56,605 [INFO] PluginManage:359 - Loaded plugin ipmanager (category:base,tabindex:5)
2024-03-14 16:02:56,605 [INFO] PluginManage:310 - Check plugin lpbam
2024-03-14 16:02:56,614 [INFO] PluginManage:359 - Loaded plugin lpbam (category:base,tabindex:0)
2024-03-14 16:02:56,614 [INFO] PluginManage:310 - Check plugin memorymap
2024-03-14 16:02:56,623 [INFO] PluginManage:359 - Loaded plugin memorymap (category:base,tabindex:4)
2024-03-14 16:02:56,623 [INFO] PluginManage:310 - Check plugin pinoutandconfiguration
2024-03-14 16:02:56,627 [INFO] PluginManage:359 - Loaded plugin pinoutandconfiguration (category:base,tabindex:1)
2024-03-14 16:02:56,627 [INFO] PluginManage:310 - Check plugin pinoutconfig
2024-03-14 16:02:56,693 [WARN] SupportedApi:132 - Cannot load RTOS API schema: s4s-elt-must-match.1: The content of 'definitions' must match (annotation?, (simpleType | complexType)?, (unique | key | keyref)*)). A problem was found starting at: attribute.
2024-03-14 16:02:56,834 [INFO] PluginManage:359 - Loaded plugin pinoutconfig (category:base,tabindex:0)
2024-03-14 16:02:56,834 [INFO] PluginManage:310 - Check plugin power
2024-03-14 16:02:56,841 [INFO] PluginManage:359 - Loaded plugin power (category:power,tabindex:4)
2024-03-14 16:02:56,841 [INFO] PluginManage:310 - Check plugin projectmanager
2024-03-14 16:02:56,862 [INFO] PluginManage:359 - Loaded plugin projectmanager (category:projectmanager,tabindex:3)
2024-03-14 16:02:56,862 [INFO] PluginManage:310 - Check plugin thirdparty
2024-03-14 16:02:57,011 [INFO] PluginManage:359 - Loaded plugin thirdparty (category:base,tabindex:-1)
2024-03-14 16:02:57,011 [INFO] PluginManage:310 - Check plugin tools
2024-03-14 16:02:57,011 [WARN] IntegrityCheckThread:84 - waiting for thirdparty lock release [integrity check]
2024-03-14 16:02:57,012 [INFO] IntegrityCheckThread:86 - entering critical section [integrity check]
2024-03-14 16:02:57,012 [INFO] ThirdPartyUpdaterWithRetryManager:70 - Updater plugin not ready yet. [1/15]
2024-03-14 16:02:57,013 [INFO] PluginManage:359 - Loaded plugin tools (category:base,tabindex:7)
2024-03-14 16:02:57,013 [INFO] PluginManage:310 - Check plugin tutovideos
2024-03-14 16:02:57,276 [INFO] PluginManage:359 - Loaded plugin tutovideos (category:base,tabindex:-1)
2024-03-14 16:02:57,278 [INFO] PluginManage:310 - Check plugin updater
2024-03-14 16:02:57,302 [INFO] PluginManage:359 - Loaded plugin updater (category:base,tabindex:12)
2024-03-14 16:02:57,302 [INFO] PluginManage:310 - Check plugin userauth
2024-03-14 16:02:57,310 [INFO] UserAuth:114 - Init User Auth plugin
2024-03-14 16:02:57,310 [INFO] PluginManage:359 - Loaded plugin userauth (category:base,tabindex:14)
2024-03-14 16:02:57,312 [INFO] PluginManage:283 - PluginManage : Loaded plugins [17]
2024-03-14 16:02:57,531 [INFO] PinOutPanel:1499 - setPackage(No Configuration,No Configuration)
2024-03-14 16:02:57,583 [INFO] CADModel:165 - CPN selected for project level
2024-03-14 16:02:57,583 [INFO] CADModel:114 - Register for checkConnection events
2024-03-14 16:02:57,593 [INFO] IPUIPlugin:80 - create IPUIPlugin
2024-03-14 16:02:57,593 [INFO] PluginManager:220 - loadIPPluginJar : add mdma
2024-03-14 16:02:57,597 [INFO] IPUIPlugin:80 - create IPUIPlugin
2024-03-14 16:02:57,597 [INFO] PluginManager:220 - loadIPPluginJar : add freertos
2024-03-14 16:02:57,599 [INFO] IPUIPlugin:80 - create IPUIPlugin
2024-03-14 16:02:57,599 [INFO] PluginManager:220 - loadIPPluginJar : add gic
2024-03-14 16:02:57,603 [INFO] IPUIPlugin:80 - create IPUIPlugin
2024-03-14 16:02:57,604 [INFO] PluginManager:220 - loadIPPluginJar : add adc
2024-03-14 16:02:57,605 [INFO] IPUIPlugin:80 - create IPUIPlugin
2024-03-14 16:02:57,606 [INFO] PluginManager:220 - loadIPPluginJar : add gtzc
2024-03-14 16:02:57,606 [INFO] IPUIPlugin:80 - create IPUIPlugin
2024-03-14 16:02:57,606 [INFO] PluginManager:220 - loadIPPluginJar : add quadspi
2024-03-14 16:02:57,607 [INFO] IPUIPlugin:80 - create IPUIPlugin
2024-03-14 16:02:57,607 [INFO] PluginManager:220 - loadIPPluginJar : add aes
2024-03-14 16:02:57,609 [INFO] IPUIPlugin:80 - create IPUIPlugin
2024-03-14 16:02:57,609 [INFO] PluginManager:220 - loadIPPluginJar : add pdm2pcm
2024-03-14 16:02:57,610 [INFO] IPUIPlugin:80 - create IPUIPlugin
2024-03-14 16:02:57,610 [INFO] PluginManager:220 - loadIPPluginJar : add hash
2024-03-14 16:02:57,611 [INFO] IPUIPlugin:80 - create IPUIPlugin
2024-03-14 16:02:57,611 [INFO] PluginManager:220 - loadIPPluginJar : add tim
2024-03-14 16:02:57,611 [INFO] IPUIPlugin:80 - create IPUIPlugin
2024-03-14 16:02:57,611 [INFO] PluginManager:220 - loadIPPluginJar : add tsc
2024-03-14 16:02:57,612 [INFO] IPUIPlugin:80 - create IPUIPlugin
2024-03-14 16:02:57,612 [INFO] PluginManager:220 - loadIPPluginJar : add ts
2024-03-14 16:02:57,614 [INFO] IPUIPlugin:80 - create IPUIPlugin
2024-03-14 16:02:57,614 [INFO] PluginManager:220 - loadIPPluginJar : add can
2024-03-14 16:02:57,615 [INFO] IPUIPlugin:80 - create IPUIPlugin
2024-03-14 16:02:57,615 [INFO] PluginManager:220 - loadIPPluginJar : add dma3
2024-03-14 16:02:57,616 [INFO] IPUIPlugin:80 - create IPUIPlugin
2024-03-14 16:02:57,616 [INFO] PluginManager:220 - loadIPPluginJar : add dfsdm
2024-03-14 16:02:57,617 [INFO] IPUIPlugin:80 - create IPUIPlugin
2024-03-14 16:02:57,617 [INFO] PluginManager:220 - loadIPPluginJar : add spi
2024-03-14 16:02:57,618 [INFO] IPUIPlugin:80 - create IPUIPlugin
2024-03-14 16:02:57,618 [INFO] PluginManager:220 - loadIPPluginJar : add gfxmmu
2024-03-14 16:02:57,619 [INFO] IPUIPlugin:80 - create IPUIPlugin
2024-03-14 16:02:57,620 [INFO] PluginManager:220 - loadIPPluginJar : add genericplugin
2024-03-14 16:02:57,620 [INFO] IPUIPlugin:80 - create IPUIPlugin
2024-03-14 16:02:57,621 [INFO] PluginManager:220 - loadIPPluginJar : add cryp
2024-03-14 16:02:57,623 [INFO] IPUIPlugin:80 - create IPUIPlugin
2024-03-14 16:02:57,623 [INFO] PluginManager:220 - loadIPPluginJar : add gpio
2024-03-14 16:02:57,624 [INFO] IPUIPlugin:80 - create IPUIPlugin
2024-03-14 16:02:57,624 [INFO] PluginManager:220 - loadIPPluginJar : add comp
2024-03-14 16:02:57,625 [INFO] IPUIPlugin:80 - create IPUIPlugin
2024-03-14 16:02:57,625 [INFO] PluginManager:220 - loadIPPluginJar : add tracer_emb
2024-03-14 16:02:57,627 [INFO] IPUIPlugin:80 - create IPUIPlugin
2024-03-14 16:02:57,627 [INFO] PluginManager:220 - loadIPPluginJar : add openamp
2024-03-14 16:02:57,629 [INFO] IPUIPlugin:80 - create IPUIPlugin
2024-03-14 16:02:57,629 [INFO] PluginManager:220 - loadIPPluginJar : add stm32_wpan
2024-03-14 16:02:57,632 [INFO] IPUIPlugin:80 - create IPUIPlugin
2024-03-14 16:02:57,637 [INFO] PluginManager:220 - loadIPPluginJar : add plateformsettings
2024-03-14 16:02:57,639 [INFO] IPUIPlugin:80 - create IPUIPlugin
2024-03-14 16:02:57,639 [INFO] PluginManager:220 - loadIPPluginJar : add ipddr
2024-03-14 16:02:57,640 [INFO] IPUIPlugin:80 - create IPUIPlugin
2024-03-14 16:02:57,640 [INFO] PluginManager:220 - loadIPPluginJar : add usart
2024-03-14 16:02:57,641 [INFO] IPUIPlugin:80 - create IPUIPlugin
2024-03-14 16:02:57,641 [INFO] PluginManager:220 - loadIPPluginJar : add ltdc
2024-03-14 16:02:57,642 [INFO] IPUIPlugin:80 - create IPUIPlugin
2024-03-14 16:02:57,642 [INFO] PluginManager:220 - loadIPPluginJar : add nvic
2024-03-14 16:02:57,643 [INFO] IPUIPlugin:80 - create IPUIPlugin
2024-03-14 16:02:57,643 [INFO] PluginManager:220 - loadIPPluginJar : add fatfs
2024-03-14 16:02:57,646 [INFO] IPUIPlugin:80 - create IPUIPlugin
2024-03-14 16:02:57,646 [INFO] PluginManager:220 - loadIPPluginJar : add linkedlist
2024-03-14 16:02:57,649 [INFO] IPUIPlugin:80 - create IPUIPlugin
2024-03-14 16:02:57,649 [INFO] PluginManager:220 - loadIPPluginJar : add dma
2024-03-14 16:02:57,651 [INFO] IPUIPlugin:80 - create IPUIPlugin
2024-03-14 16:02:57,651 [INFO] PluginManager:220 - loadIPPluginJar : add fmc
2024-03-14 16:02:57,652 [INFO] IPUIPlugin:80 - create IPUIPlugin
2024-03-14 16:02:57,652 [INFO] PluginManager:220 - loadIPPluginJar : add i2s
2024-03-14 16:02:57,653 [INFO] IPUIPlugin:80 - create IPUIPlugin
2024-03-14 16:02:57,653 [INFO] PluginManager:220 - loadIPPluginJar : add ucpd
2024-03-14 16:02:57,654 [INFO] IPUIPlugin:80 - create IPUIPlugin
2024-03-14 16:02:57,654 [INFO] PluginManager:220 - loadIPPluginJar : add lorawan
2024-03-14 16:02:57,655 [INFO] IPUIPlugin:80 - create IPUIPlugin
2024-03-14 16:02:57,655 [INFO] PluginManager:220 - loadIPPluginJar : add opamp
2024-03-14 16:02:57,656 [INFO] IPUIPlugin:80 - create IPUIPlugin
2024-03-14 16:02:57,656 [INFO] PluginManager:220 - loadIPPluginJar : add i3c
2024-03-14 16:02:57,657 [INFO] IPUIPlugin:80 - create IPUIPlugin
2024-03-14 16:02:57,658 [INFO] PluginManager:220 - loadIPPluginJar : add touchsensing
2024-03-14 16:02:57,659 [INFO] IPUIPlugin:80 - create IPUIPlugin
2024-03-14 16:02:57,659 [INFO] PluginManager:220 - loadIPPluginJar : add i2c
2024-03-14 16:02:57,661 [INFO] IPUIPlugin:80 - create IPUIPlugin
2024-03-14 16:02:57,661 [INFO] PluginManager:220 - loadIPPluginJar : add resmgrutility
2024-03-14 16:02:57,662 [INFO] IPUIPlugin:80 - create IPUIPlugin
2024-03-14 16:02:57,662 [INFO] PluginManager:220 - loadIPPluginJar : add sai
2024-03-14 16:02:57,663 [INFO] IPUIPlugin:80 - create IPUIPlugin
2024-03-14 16:02:57,663 [INFO] PluginManager:220 - loadIPPluginJar : add usbx
2024-03-14 16:02:57,782 [INFO] CADModel:165 - CPN selected for project level
2024-03-14 16:02:57,783 [INFO] CADModel:114 - Register for checkConnection events
2024-03-14 16:02:57,784 [FATAL] Updater:308 - Updater called before beeing initialized
2024-03-14 16:02:57,784 [ERROR] CADModel:125 - Updater not yet initialized, retry later 
2024-03-14 16:02:58,112 [INFO] CADModel:165 - CPN selected for project level
2024-03-14 16:02:58,113 [INFO] CADModel:114 - Register for checkConnection events
2024-03-14 16:02:58,113 [FATAL] Updater:308 - Updater called before beeing initialized
2024-03-14 16:02:58,113 [ERROR] CADModel:125 - Updater not yet initialized, retry later 
2024-03-14 16:02:58,115 [FATAL] Updater:308 - Updater called before beeing initialized
2024-03-14 16:02:58,270 [FATAL] Updater:308 - Updater called before beeing initialized
2024-03-14 16:02:58,275 [INFO] DbMcusAds:53 - JSON generation date=Wed Nov 29 04:52:27 CST 2023 (1701255147349)
2024-03-14 16:02:58,275 [FATAL] Updater:308 - Updater called before beeing initialized
2024-03-14 16:02:58,321 [WARN] DetailPanel:346 - Failed to get advertising image, set to default
2024-03-14 16:02:58,399 [FATAL] Updater:308 - Updater called before beeing initialized
2024-03-14 16:02:58,401 [FATAL] Updater:308 - Updater called before beeing initialized
2024-03-14 16:02:58,401 [FATAL] Updater:308 - Updater called before beeing initialized
2024-03-14 16:02:58,401 [WARN] DetailPanel:346 - Failed to get advertising image, set to default
2024-03-14 16:02:58,403 [FATAL] Updater:308 - Updater called before beeing initialized
2024-03-14 16:02:58,457 [ERROR] Updater:1120 - MainUpdater not yet initialized. External WinMGr cannot be set.
2024-03-14 16:02:58,493 [INFO] Updater:1056 - Updater Version found : 6.10.0
2024-03-14 16:02:58,504 [INFO] ApplicationProperties:184 - Using Application install path: /Applications/STM32CubeIDE.app/Contents/Eclipse/plugins/com.st.stm32cube.common.mx_6.10.0.202311202037
2024-03-14 16:02:58,997 [INFO] MainUpdater:2873 - connection check result : 10
2024-03-14 16:02:58,999 [INFO] MainUpdater:290 - Updater Check For Update Now.
2024-03-14 16:02:58,999 [INFO] MicroXplorer:498 - Change Database Version : DB.6.0.100
2024-03-14 16:02:59,006 [INFO] McuFinderGlobals:63 - Set McuFinder mode to 2 (CubeIDE integrated)
2024-03-14 16:02:59,038 [INFO] UserAuth:404 - Internet connection configuration mode: 1
2024-03-14 16:02:59,054 [INFO] JxBrowserEngine:152 - Initiate JxBrowser Engine with user profile folder
2024-03-14 16:02:59,276 [INFO] CheckServerUpdateThread:120 - End of CheckServer Thread
2024-03-14 16:03:00,216 [WARN] PackLoader:240 - Cannot read IP mode file for STMicroelectronics.X-CUBE-SMBUS.2.1.0
2024-03-14 16:03:00,236 [WARN] PackLoader:240 - Cannot read IP mode file for STMicroelectronics.X-CUBE-TOUCHGFX.4.23.0
2024-03-14 16:03:00,284 [WARN] PackLoader:240 - Cannot read IP mode file for STMicroelectronics.X-CUBE-AZRTOS-F7.1.1.0
2024-03-14 16:03:00,323 [WARN] PackLoader:240 - Cannot read IP mode file for STMicroelectronics.FP-SNS-MOTENV1.4.3.2
2024-03-14 16:03:00,356 [WARN] PackLoader:240 - Cannot read IP mode file for STMicroelectronics.FP-SNS-FLIGHT1.5.0.2
2024-03-14 16:03:00,370 [WARN] PackLoader:240 - Cannot read IP mode file for STMicroelectronics.X-CUBE-DISPLAY.3.0.0
2024-03-14 16:03:00,397 [WARN] PackLoader:240 - Cannot read IP mode file for STMicroelectronics.X-CUBE-BLE1.7.0.0
2024-03-14 16:03:00,410 [WARN] PackLoader:240 - Cannot read IP mode file for emotas.I-CUBE-CANOPEN.1.3.0
2024-03-14 16:03:00,416 [WARN] PackLoader:240 - Cannot read IP mode file for STMicroelectronics.X-CUBE-TOUCHGFX.4.22.1
2024-03-14 16:03:00,434 [WARN] PackLoader:240 - Cannot read IP mode file for STMicroelectronics.X-CUBE-BLEMGR.3.1.0
2024-03-14 16:03:00,449 [WARN] PackLoader:240 - Cannot read IP mode file for STMicroelectronics.FP-SNS-SMARTAG2.1.2.0
2024-03-14 16:03:00,475 [INFO] LogOutputStream:77 - [STDOUT_REDIRECT] 1 : Invalid condition id : UX_CORESTACK_Condition cause : null
2024-03-14 16:03:00,477 [INFO] LogOutputStream:77 - [STDOUT_REDIRECT] 1 : Invalid condition id : UX_CORESTACK_Condition cause : null
2024-03-14 16:03:00,478 [INFO] LogOutputStream:77 - [STDOUT_REDIRECT] 1 : Invalid condition id : UX_CORESTACK_Condition cause : null
2024-03-14 16:03:00,479 [INFO] LogOutputStream:77 - [STDOUT_REDIRECT] 1 : Invalid condition id : UX_CORESTACK_Condition cause : null
2024-03-14 16:03:00,480 [INFO] LogOutputStream:77 - [STDOUT_REDIRECT] 1 : Invalid condition id : UX_CORESTACK_Condition cause : null
2024-03-14 16:03:00,488 [WARN] PackLoader:240 - Cannot read IP mode file for STMicroelectronics.X-CUBE-AZRTOS-WL.2.0.0
2024-03-14 16:03:00,512 [WARN] PackLoader:240 - Cannot read IP mode file for WES.I-CUBE-Cesium.1.3.0
2024-03-14 16:03:00,525 [WARN] PackLoader:240 - Cannot read IP mode file for STMicroelectronics.X-CUBE-BLE2.3.3.0
2024-03-14 16:03:00,541 [WARN] PackLoader:240 - Cannot read IP mode file for STMicroelectronics.X-CUBE-ALGOBUILD.1.3.0
2024-03-14 16:03:00,730 [WARN] PackLoader:240 - Cannot read IP mode file for STMicroelectronics.X-CUBE-AZRTOS-G0.1.1.0
2024-03-14 16:03:00,808 [WARN] PackLoader:240 - Cannot read IP mode file for STMicroelectronics.X-CUBE-NFC4.3.0.0
2024-03-14 16:03:00,834 [WARN] PackLoader:240 - Cannot read IP mode file for STMicroelectronics.X-CUBE-BLEMGR.3.0.0
2024-03-14 16:03:00,847 [WARN] PackLoader:240 - Cannot read IP mode file for STMicroelectronics.FP-ATR-SIGFOX1.3.2.0
2024-03-14 16:03:00,865 [WARN] PackLoader:240 - Cannot read IP mode file for STMicroelectronics.X-CUBE-EEPRMA1.5.1.0
2024-03-14 16:03:00,962 [WARN] PackLoader:240 - Cannot read IP mode file for SEGGER.I-CUBE-embOS.1.3.1
2024-03-14 16:03:01,107 [WARN] PackLoader:240 - Cannot read IP mode file for STMicroelectronics.X-CUBE-GNSS1.6.0.0
2024-03-14 16:03:01,154 [WARN] PackLoader:240 - Cannot read IP mode file for STMicroelectronics.X-CUBE-AZRTOS-F4.1.1.0
2024-03-14 16:03:01,170 [WARN] PackLoader:240 - Cannot read IP mode file for wolfSSL.I-CUBE-wolfSSL.5.6.3
2024-03-14 16:03:01,191 [WARN] PackLoader:240 - Cannot read IP mode file for STMicroelectronics.X-CUBE-AZRTOS-L5.2.0.0
2024-03-14 16:03:01,350 [WARN] PackLoader:240 - Cannot read IP mode file for STMicroelectronics.X-CUBE-MEMS1.9.6.0
2024-03-14 16:03:01,549 [WARN] PackLoader:240 - Cannot read IP mode file for STMicroelectronics.X-CUBE-EEPRMA1.4.2.0
2024-03-14 16:03:01,569 [WARN] PackLoader:240 - Cannot read IP mode file for ITTIA_DB.I-CUBE-ITTIADB.8.8.0
2024-03-14 16:03:01,583 [WARN] PackLoader:240 - Cannot read IP mode file for STMicroelectronics.X-CUBE-BLEMGR.2.0.0
2024-03-14 16:03:01,633 [WARN] ConditionMgr:438 - getConditionDescription Invalid condition id : UX DEVICE CLASS RTOS Condition cause : null
2024-03-14 16:03:01,635 [WARN] ConditionMgr:438 - getConditionDescription Invalid condition id : UX DEVICE CLASS RTOS Condition cause : null
2024-03-14 16:03:01,653 [WARN] PackLoader:240 - Cannot read IP mode file for STMicroelectronics.X-CUBE-AZRTOS-H7.3.1.0
2024-03-14 16:03:01,658 [WARN] ConditionMgr:1039 - genDependencies : Invalid condition id : UX DEVICE CLASS RTOS Condition cause : null
2024-03-14 16:03:01,659 [WARN] ConditionMgr:1039 - genDependencies : Invalid condition id : UX DEVICE CLASS RTOS Condition cause : null
2024-03-14 16:03:01,660 [WARN] ConditionMgr:1039 - genDependencies : Invalid condition id : UX DEVICE CLASS RTOS Condition cause : null
2024-03-14 16:03:01,661 [WARN] ConditionMgr:1039 - genDependencies : Invalid condition id : UX DEVICE CLASS RTOS Condition cause : null
2024-03-14 16:03:01,661 [WARN] ConditionMgr:1039 - genDependencies : Invalid condition id : UX DEVICE CLASS RTOS Condition cause : null
2024-03-14 16:03:01,678 [WARN] PackLoader:240 - Cannot read IP mode file for STMicroelectronics.X-CUBE-NFC7.1.0.1
2024-03-14 16:03:01,696 [WARN] PackLoader:240 - Cannot read IP mode file for STMicroelectronics.X-CUBE-NFC6.3.0.0
2024-03-14 16:03:01,711 [WARN] PackLoader:240 - Cannot read IP mode file for STMicroelectronics.X-CUBE-EEPRMA1.4.1.0
2024-03-14 16:03:01,720 [WARN] PackLoader:240 - Cannot read IP mode file for STMicroelectronics.X-CUBE-AI.8.1.0
2024-03-14 16:03:01,773 [WARN] ConditionMgr:438 - getConditionDescription Invalid condition id : LAN8742 Phy interface Condition cause : null
2024-03-14 16:03:01,774 [WARN] PackLoader:240 - Cannot read IP mode file for STMicroelectronics.X-CUBE-AZRTOS-L4.2.0.0
2024-03-14 16:03:01,777 [WARN] ConditionMgr:1039 - genDependencies : Invalid condition id : LAN8742 Phy interface Condition cause : null
2024-03-14 16:03:01,777 [WARN] ConditionMgr:1039 - genDependencies : Invalid condition id : LAN8742 Phy interface Condition cause : null
2024-03-14 16:03:01,778 [WARN] ConditionMgr:1039 - genDependencies : Invalid condition id : LAN8742 Phy interface Condition cause : null
2024-03-14 16:03:01,924 [WARN] PackLoader:240 - Cannot read IP mode file for STMicroelectronics.X-CUBE-SFXS2LP1.4.0.0
2024-03-14 16:03:01,994 [WARN] PackLoader:240 - Cannot read IP mode file for STMicroelectronics.X-CUBE-ISPU.1.1.0
2024-03-14 16:03:02,031 [WARN] ConditionMgr:438 - getConditionDescription Invalid condition id : UX DEVICE CLASS RTOS Condition cause : null
2024-03-14 16:03:02,044 [WARN] ConditionMgr:438 - getConditionDescription Invalid condition id : UX DEVICE CLASS RTOS Condition cause : null
2024-03-14 16:03:02,050 [WARN] PackLoader:240 - Cannot read IP mode file for STMicroelectronics.X-CUBE-AZRTOS-WB.2.0.0
2024-03-14 16:03:02,053 [WARN] ConditionMgr:1039 - genDependencies : Invalid condition id : UX DEVICE CLASS RTOS Condition cause : null
2024-03-14 16:03:02,053 [WARN] ConditionMgr:1039 - genDependencies : Invalid condition id : UX DEVICE CLASS RTOS Condition cause : null
2024-03-14 16:03:02,054 [WARN] ConditionMgr:1039 - genDependencies : Invalid condition id : UX DEVICE CLASS RTOS Condition cause : null
2024-03-14 16:03:02,055 [WARN] ConditionMgr:1039 - genDependencies : Invalid condition id : UX DEVICE CLASS RTOS Condition cause : null
2024-03-14 16:03:02,055 [WARN] ConditionMgr:1039 - genDependencies : Invalid condition id : UX DEVICE CLASS RTOS Condition cause : null
2024-03-14 16:03:02,092 [WARN] PackLoader:240 - Cannot read IP mode file for STMicroelectronics.X-CUBE-SUBG2.5.0.0
2024-03-14 16:03:02,136 [WARN] PackLoader:240 - Cannot read IP mode file for STMicroelectronics.X-CUBE-TOF1.3.3.1
2024-03-14 16:03:02,184 [WARN] PackLoader:240 - Cannot read IP mode file for STMicroelectronics.X-CUBE-AZRTOS-G4.2.0.0
2024-03-14 16:03:02,213 [WARN] PackLoader:240 - Cannot read IP mode file for Infineon.AIROC-Wi-Fi-Bluetooth-STM32.1.5.1
2024-03-14 16:03:02,229 [WARN] PackLoader:240 - Cannot read IP mode file for STMicroelectronics.FP-SNS-MOTENVWB1.1.3.0
2024-03-14 16:03:02,233 [WARN] PackLoader:240 - Cannot read IP mode file for STMicroelectronics.FP-SNS-MOTENVWB1.1.3.1
2024-03-14 16:03:02,241 [WARN] PackLoader:240 - Cannot read IP mode file for STMicroelectronics.X-CUBE-ISPU.2.0.0
2024-03-14 16:03:02,301 [WARN] PackLoader:240 - Cannot read IP mode file for STMicroelectronics.X-CUBE-MEMS1.10.0.0
2024-03-14 16:03:02,445 [WARN] PackLoader:240 - Cannot read IP mode file for STMicroelectronics.X-CUBE-FREERTOS.1.1.0
2024-03-14 16:03:02,453 [WARN] PackLoader:240 - Cannot read IP mode file for portGmbH.I-Cube-SoM-uGOAL.1.1.0
2024-03-14 16:03:02,456 [WARN] PackLoader:240 - Cannot read IP mode file for STMicroelectronics.X-CUBE-ALS.1.0.1
2024-03-14 16:03:02,459 [WARN] PackLoader:240 - Cannot read IP mode file for STMicroelectronics.FP-ATR-ASTRA1.2.0.0
2024-03-14 16:03:02,470 [WARN] PackLoader:240 - Cannot read IP mode file for STMicroelectronics.X-CUBE-TOF1.3.4.0
2024-03-14 16:03:02,490 [WARN] PackLoader:240 - Cannot read IP mode file for STMicroelectronics.X-CUBE-TOF1.3.4.1
2024-03-14 16:03:02,516 [WARN] PackLoader:240 - Cannot read IP mode file for STMicroelectronics.X-CUBE-AZRTOS-H7.3.2.0
2024-03-14 16:03:02,530 [INFO] ThirdParty:978 - Integrity check success = true
2024-03-14 16:03:02,530 [INFO] IntegrityCheckThread:100 - exiting critical section [integrity check]
2024-03-14 16:03:02,530 [INFO] IntegrityCheckThread:103 - End integrity checks thread
2024-03-14 16:03:05,402 [INFO] WebApp:161 - Instantiating new browser for Auth
2024-03-14 16:03:06,824 [INFO] WebApp:780 - Register for checkConnection events
2024-03-14 16:03:06,825 [INFO] WebApp:414 - Apply proxy settings
2024-03-14 16:03:06,841 [INFO] WebApp:459 - Chromium authenticates against Manually configured proxy
2024-03-14 16:03:06,856 [INFO] WebApp:467 - Username used for proxy authentication: 
2024-03-14 16:03:06,994 [INFO] WebApp:192 - Starting web application
2024-03-14 16:03:06,994 [INFO] WebApp:544 - Web application path used /Applications/STM32CubeIDE.app/Contents/Eclipse/plugins/com.st.stm32cube.common.mx_6.10.0.202311202037/db/plugins/mcufinder/reactClient1/index.html
2024-03-14 16:03:28,345 [ERROR] LogOutputStream:75 - [STDERR_REDIRECT] 
